INFO 2025-09-22 12:06:31 views_reportlab _register_persian_font [RPT] ثبت فونت فارسی از مسیر D:\Design & Source Code\Source Coding\BudgetsSystem\static\admin\fonts\Vazirmatn-Regular.ttf
INFO 2025-09-22 12:06:47 views_reportlab _register_persian_font [RPT] ثبت فونت فارسی از مسیر D:\Design & Source Code\Source Coding\BudgetsSystem\static\admin\fonts\Vazirmatn-Regular.ttf
INFO 2025-09-22 12:08:24 views_reportlab _register_persian_font [RPT] ثبت فونت فارسی از مسیر D:\Design & Source Code\Source Coding\BudgetsSystem\static\admin\fonts\Vazirmatn-Regular.ttf
INFO 2025-09-22 12:08:46 views_reportlab _register_persian_font [RPT] ثبت فونت فارسی از مسیر D:\Design & Source Code\Source Coding\BudgetsSystem\static\admin\fonts\Vazirmatn-Regular.ttf
INFO 2025-09-22 12:09:59 views_reportlab _register_persian_font [RPT] ثبت فونت فارسی از مسیر D:\Design & Source Code\Source Coding\BudgetsSystem\static\admin\fonts\Vazirmatn-Regular.ttf
INFO 2025-09-22 12:10:27 models remove_inactive_users هیچ کاربر غیرفعالی برای حذف یافت نشد.
INFO 2025-09-22 12:10:27 middleware __call__ درخواست به: /tankhah/factor/79/perform-action/, کاربر: financ_sarein
INFO 2025-09-22 12:10:28 PermissionBase has_required_permissions [PERM_CHECK] User financ_sarein has required permissions: ['tankhah.factor_view', 'tankhah.factor_update', 'tankhah.factor_reject', 'tankhah.factor_approve']
INFO 2025-09-22 12:10:28 PermissionBase dispatch [PERM_CHECK] User financ_sarein passed base permission check for /tankhah/factor/79/perform-action/
INFO 2025-09-22 12:10:28 PermissionBase get_user_active_organizations [PERM_CHECK] User financ_sarein active orgs: [1, 7] (has_core: False)
INFO 2025-09-22 12:10:28 PermissionBase dispatch [PERM_ORG] User financ_sarein has access to organizations [1, 7]
INFO 2025-09-22 12:10:28 budget_calculations get_committed_budget Calculated COMMITTED budget for Tankhah PK 15: 245.00
INFO 2025-09-22 12:10:28 budget_calculations get_committed_budget Calculated COMMITTED budget for Tankhah PK 15: 245.00
INFO 2025-09-22 12:10:28 budget_calculations get_available_budget Available budget for Tankhah PK 15: Initial(674215000.00) - Paid(0.00) - Committed(245.00) = 674214755.00
INFO 2025-09-22 12:10:28 PermissionBase get_user_active_organizations [PERM_CHECK] User financ_sarein active orgs: [1, 7] (has_core: False)
INFO 2025-09-22 12:10:28 views_FactorDetail get_user_allowed_transitions User financ_sarein blocked by higher-level action. user_min_level=6
INFO 2025-09-22 12:10:28 views_FactorDetail get_context_data [FACTOR_DETAIL] factor=79 status=PENDING_APPROVAL org=1 path_len=1 allowed_len=0 next_users_steps=1
ERROR 2025-09-22 12:10:28 rcms_custom_filters format_negative Error formatting number : could not convert string to float: ''
ERROR 2025-09-22 12:10:28 rcms_custom_filters format_negative Error formatting number : could not convert string to float: ''
ERROR 2025-09-22 12:10:28 rcms_custom_filters format_negative Error formatting number : could not convert string to float: ''
ERROR 2025-09-22 12:10:28 rcms_custom_filters format_negative Error formatting number : could not convert string to float: ''
INFO 2025-09-22 12:10:28 middleware __call__ پاسخ برای /tankhah/factor/79/perform-action/ - کد وضعیت: 200
INFO 2025-09-22 12:10:37 models remove_inactive_users هیچ کاربر غیرفعالی برای حذف یافت نشد.
INFO 2025-09-22 12:10:37 middleware __call__ درخواست به: /, کاربر: beygh
INFO 2025-09-22 12:10:38 middleware __call__ پاسخ برای / - کد وضعیت: 200
INFO 2025-09-22 12:10:39 models remove_inactive_users هیچ کاربر غیرفعالی برای حذف یافت نشد.
INFO 2025-09-22 12:10:39 middleware __call__ درخواست به: /tankhah/factor/79/perform-action/, کاربر: beygh
INFO 2025-09-22 12:10:39 PermissionBase has_required_permissions [PERM_CHECK] User beygh has required permissions: ['tankhah.factor_view', 'tankhah.factor_update', 'tankhah.factor_reject', 'tankhah.factor_approve']
INFO 2025-09-22 12:10:39 PermissionBase dispatch [PERM_CHECK] User beygh passed base permission check for /tankhah/factor/79/perform-action/
INFO 2025-09-22 12:10:39 PermissionBase get_user_active_organizations [PERM_CHECK] User beygh active orgs: [1, 6, 7] (has_core: False)
INFO 2025-09-22 12:10:39 PermissionBase dispatch [PERM_ORG] User beygh has access to organizations [1, 6, 7]
INFO 2025-09-22 12:10:39 budget_calculations get_committed_budget Calculated COMMITTED budget for Tankhah PK 15: 245.00
INFO 2025-09-22 12:10:39 budget_calculations get_committed_budget Calculated COMMITTED budget for Tankhah PK 15: 245.00
INFO 2025-09-22 12:10:39 budget_calculations get_available_budget Available budget for Tankhah PK 15: Initial(674215000.00) - Paid(0.00) - Committed(245.00) = 674214755.00
INFO 2025-09-22 12:10:39 PermissionBase get_user_active_organizations [PERM_CHECK] User beygh active orgs: [1, 6, 7] (has_core: False)
INFO 2025-09-22 12:10:39 views_FactorDetail get_user_allowed_transitions User beygh allowed transitions: ['تأیید']
INFO 2025-09-22 12:10:39 views_FactorDetail get_context_data [FACTOR_DETAIL] factor=79 status=PENDING_APPROVAL org=1 path_len=1 allowed_len=1 next_users_steps=1
ERROR 2025-09-22 12:10:40 rcms_custom_filters format_negative Error formatting number : could not convert string to float: ''
ERROR 2025-09-22 12:10:40 rcms_custom_filters format_negative Error formatting number : could not convert string to float: ''
ERROR 2025-09-22 12:10:40 rcms_custom_filters format_negative Error formatting number : could not convert string to float: ''
ERROR 2025-09-22 12:10:40 rcms_custom_filters format_negative Error formatting number : could not convert string to float: ''
INFO 2025-09-22 12:10:40 middleware __call__ پاسخ برای /tankhah/factor/79/perform-action/ - کد وضعیت: 200
INFO 2025-09-22 12:10:47 models remove_inactive_users هیچ کاربر غیرفعالی برای حذف یافت نشد.
INFO 2025-09-22 12:10:47 middleware __call__ درخواست به: /tankhah/factor/79/perform-action/, کاربر: hfath
INFO 2025-09-22 12:10:47 PermissionBase has_required_permissions [PERM_CHECK] User hfath has core organization → full access granted.
INFO 2025-09-22 12:10:47 PermissionBase dispatch [PERM_CHECK] User hfath passed base permission check for /tankhah/factor/79/perform-action/
INFO 2025-09-22 12:10:47 PermissionBase get_user_active_organizations [PERM_CHECK] User hfath active orgs: [1, 2, 3, 4, 5, 6, 7] (has_core: True)
INFO 2025-09-22 12:10:47 PermissionBase dispatch [PERM_ORG] User hfath has access to organizations [1, 2, 3, 4, 5, 6, 7]
INFO 2025-09-22 12:10:47 budget_calculations get_committed_budget Calculated COMMITTED budget for Tankhah PK 15: 245.00
INFO 2025-09-22 12:10:47 budget_calculations get_committed_budget Calculated COMMITTED budget for Tankhah PK 15: 245.00
INFO 2025-09-22 12:10:47 budget_calculations get_available_budget Available budget for Tankhah PK 15: Initial(674215000.00) - Paid(0.00) - Committed(245.00) = 674214755.00
INFO 2025-09-22 12:10:47 PermissionBase get_user_active_organizations [PERM_CHECK] User hfath active orgs: [1, 2, 3, 4, 5, 6, 7] (has_core: True)
INFO 2025-09-22 12:10:47 views_FactorDetail get_user_allowed_transitions User hfath allowed transitions: []
INFO 2025-09-22 12:10:47 views_FactorDetail get_context_data [FACTOR_DETAIL] factor=79 status=PENDING_APPROVAL org=1 path_len=1 allowed_len=0 next_users_steps=1
ERROR 2025-09-22 12:10:47 rcms_custom_filters format_negative Error formatting number : could not convert string to float: ''
ERROR 2025-09-22 12:10:47 rcms_custom_filters format_negative Error formatting number : could not convert string to float: ''
ERROR 2025-09-22 12:10:47 rcms_custom_filters format_negative Error formatting number : could not convert string to float: ''
ERROR 2025-09-22 12:10:47 rcms_custom_filters format_negative Error formatting number : could not convert string to float: ''
INFO 2025-09-22 12:10:47 middleware __call__ پاسخ برای /tankhah/factor/79/perform-action/ - کد وضعیت: 200
INFO 2025-09-22 12:11:14 models remove_inactive_users هیچ کاربر غیرفعالی برای حذف یافت نشد.
INFO 2025-09-22 12:11:14 middleware __call__ درخواست به: /workflow-management/stage-approvers/, کاربر: admin
INFO 2025-09-22 12:11:14 middleware __call__ پاسخ برای /workflow-management/stage-approvers/ - کد وضعیت: 200
