ERROR 2025-06-09 23:30:11 get_budget_details get_budget_details Error in get_budget_details for entity HSAR-Flor3 - بازسازی هتل - طبقه سوم لاله سرعین (فعال): cannot import name 'to_jalali' from 'django_jalali.templatetags.jformat' (D:\Design & Source Code\Source Coding\Tanbakhsystem\venv\Lib\site-packages\django_jalali\templatetags\jformat.py)
ERROR 2025-06-09 23:35:55 get_budget_details get_budget_details Error in get_budget_details for entity HSAR-Flor3 - بازسازی هتل - طبقه سوم لاله سرعین (فعال): cannot import name 'to_jalali' from 'django_jalali.templatetags.jformat' (D:\Design & Source Code\Source Coding\Tanbakhsystem\venv\Lib\site-packages\django_jalali\templatetags\jformat.py)
ERROR 2025-06-09 23:36:55 get_budget_details get_budget_details Error in get_budget_details for entity E-IT - بازسازی اتاق TV Room - زیر ساخت IT (فعال): cannot import name 'to_jalali' from 'django_jalali.templatetags.jformat' (D:\Design & Source Code\Source Coding\Tanbakhsystem\venv\Lib\site-packages\django_jalali\templatetags\jformat.py)
ERROR 2025-06-09 23:37:26 get_budget_details get_budget_details Error in get_budget_details for entity E-IT - بازسازی اتاق TV Room - زیر ساخت IT (فعال): cannot import name 'to_jalali' from 'django_jalali.templatetags.jformat' (D:\Design & Source Code\Source Coding\Tanbakhsystem\venv\Lib\site-packages\django_jalali\templatetags\jformat.py)
ERROR 2025-06-09 23:37:56 get_budget_details get_budget_details Error in get_budget_details for entity E-IT - بازسازی اتاق TV Room - زیر ساخت IT (فعال): cannot import name 'to_jalali' from 'django_jalali.templatetags.jformat' (D:\Design & Source Code\Source Coding\Tanbakhsystem\venv\Lib\site-packages\django_jalali\templatetags\jformat.py)
ERROR 2025-06-09 23:37:58 get_budget_details get_budget_details Error in get_budget_details for entity E-IT - بازسازی اتاق TV Room - زیر ساخت IT (فعال): cannot import name 'to_jalali' from 'django_jalali.templatetags.jformat' (D:\Design & Source Code\Source Coding\Tanbakhsystem\venv\Lib\site-packages\django_jalali\templatetags\jformat.py)
ERROR 2025-06-09 23:53:06 get_budget_details get_budget_details Error in get_budget_details for entity E-IT - بازسازی اتاق TV Room - زیر ساخت IT (فعال): cannot import name 'to_jalali' from 'django_jalali.templatetags.jformat' (D:\Design & Source Code\Source Coding\Tanbakhsystem\venv\Lib\site-packages\django_jalali\templatetags\jformat.py)
ERROR 2025-06-09 23:54:50 get_budget_details get_budget_details Error in get_budget_details for entity E-IT - بازسازی اتاق TV Room - زیر ساخت IT (فعال): cannot import name 'to_jalali' from 'django_jalali.templatetags.jformat' (D:\Design & Source Code\Source Coding\Tanbakhsystem\venv\Lib\site-packages\django_jalali\templatetags\jformat.py)
ERROR 2025-06-09 23:56:13 get_budget_details get_budget_details Error in get_budget_details for entity HSAR-Flor3 - بازسازی هتل - طبقه سوم لاله سرعین (فعال): cannot import name 'to_jalali' from 'django_jalali.templatetags.jformat' (D:\Design & Source Code\Source Coding\Tanbakhsystem\venv\Lib\site-packages\django_jalali\templatetags\jformat.py)
ERROR 2025-06-10 00:03:47 get_budget_details get_budget_details Error in get_budget_details for entity HSAR-Flor3 - بازسازی هتل - طبقه سوم لاله سرعین (فعال): cannot import name 'to_jalali' from 'django_jalali.templatetags.jformat' (D:\Design & Source Code\Source Coding\Tanbakhsystem\venv\Lib\site-packages\django_jalali\templatetags\jformat.py)
ERROR 2025-06-10 00:09:46 get_budget_details get_budget_details Error in get_budget_details for entity HSAR-Flor3 - بازسازی هتل - طبقه سوم لاله سرعین (فعال): cannot import name 'to_jalali' from 'django_jalali.templatetags.jformat' (D:\Design & Source Code\Source Coding\Tanbakhsystem\venv\Lib\site-packages\django_jalali\templatetags\jformat.py)
ERROR 2025-06-10 00:10:14 get_budget_details get_budget_details Error in get_budget_details for entity HSAR-Flor3 - بازسازی هتل - طبقه سوم لاله سرعین (فعال): cannot import name 'to_jalali' from 'django_jalali.templatetags.jformat' (D:\Design & Source Code\Source Coding\Tanbakhsystem\venv\Lib\site-packages\django_jalali\templatetags\jformat.py)
ERROR 2025-06-10 00:10:43 get_budget_details get_budget_details Error in get_budget_details for entity HSAR-Flor3 - بازسازی هتل - طبقه سوم لاله سرعین (فعال): cannot import name 'to_jalali' from 'django_jalali.templatetags.jformat' (D:\Design & Source Code\Source Coding\Tanbakhsystem\venv\Lib\site-packages\django_jalali\templatetags\jformat.py)
ERROR 2025-06-10 00:21:22 get_budget_details get_budget_details Error in get_budget_details for entity HSAR-Flor3 - بازسازی هتل - طبقه سوم لاله سرعین (فعال): cannot import name 'to_jalali' from 'django_jalali.templatetags.jformat' (D:\Design & Source Code\Source Coding\Tanbakhsystem\venv\Lib\site-packages\django_jalali\templatetags\jformat.py)
ERROR 2025-06-10 00:29:51 get_budget_details get_budget_details Error in get_budget_details for entity HSAR-Flor3 - بازسازی هتل - طبقه سوم لاله سرعین (فعال): cannot import name 'to_jalali' from 'django_jalali.templatetags.jformat' (D:\Design & Source Code\Source Coding\Tanbakhsystem\venv\Lib\site-packages\django_jalali\templatetags\jformat.py)
ERROR 2025-06-10 00:32:11 get_budget_details get_budget_details Error in get_budget_details for entity HSAR-Flor3 - بازسازی هتل - طبقه سوم لاله سرعین (فعال): cannot import name 'to_jalali' from 'django_jalali.templatetags.jformat' (D:\Design & Source Code\Source Coding\Tanbakhsystem\venv\Lib\site-packages\django_jalali\templatetags\jformat.py)
ERROR 2025-06-10 00:34:52 get_budget_details get_budget_details Error in get_budget_details for entity HSAR-Flor3 - بازسازی هتل - طبقه سوم لاله سرعین (فعال): cannot import name 'to_jalali' from 'django_jalali.templatetags.jformat' (D:\Design & Source Code\Source Coding\Tanbakhsystem\venv\Lib\site-packages\django_jalali\templatetags\jformat.py)
ERROR 2025-06-10 00:35:10 get_budget_details get_budget_details Error in get_budget_details for entity HSAR-Flor3 - بازسازی هتل - طبقه سوم لاله سرعین (فعال): cannot import name 'to_jalali' from 'django_jalali.templatetags.jformat' (D:\Design & Source Code\Source Coding\Tanbakhsystem\venv\Lib\site-packages\django_jalali\templatetags\jformat.py)
ERROR 2025-06-10 00:35:46 get_budget_details get_budget_details Error in get_budget_details for entity HSAR-Flor3 - بازسازی هتل - طبقه سوم لاله سرعین (فعال): cannot import name 'to_jalali' from 'django_jalali.templatetags.jformat' (D:\Design & Source Code\Source Coding\Tanbakhsystem\venv\Lib\site-packages\django_jalali\templatetags\jformat.py)
ERROR 2025-06-10 00:36:13 get_budget_details get_budget_details Error in get_budget_details for entity HSAR-Flor3 - بازسازی هتل - طبقه سوم لاله سرعین (فعال): cannot import name 'to_jalali' from 'django_jalali.templatetags.jformat' (D:\Design & Source Code\Source Coding\Tanbakhsystem\venv\Lib\site-packages\django_jalali\templatetags\jformat.py)
ERROR 2025-06-10 00:36:14 get_budget_details get_budget_details Error in get_budget_details for entity HSAR-Flor3 - بازسازی هتل - طبقه سوم لاله سرعین (فعال): cannot import name 'to_jalali' from 'django_jalali.templatetags.jformat' (D:\Design & Source Code\Source Coding\Tanbakhsystem\venv\Lib\site-packages\django_jalali\templatetags\jformat.py)
ERROR 2025-06-10 00:36:15 get_budget_details get_budget_details Error in get_budget_details for entity HSAR-Flor3 - بازسازی هتل - طبقه سوم لاله سرعین (فعال): cannot import name 'to_jalali' from 'django_jalali.templatetags.jformat' (D:\Design & Source Code\Source Coding\Tanbakhsystem\venv\Lib\site-packages\django_jalali\templatetags\jformat.py)
ERROR 2025-06-10 00:36:34 get_budget_details get_budget_details Error in get_budget_details for entity HSAR-Flor3 - بازسازی هتل - طبقه سوم لاله سرعین (فعال): cannot import name 'to_jalali' from 'django_jalali.templatetags.jformat' (D:\Design & Source Code\Source Coding\Tanbakhsystem\venv\Lib\site-packages\django_jalali\templatetags\jformat.py)
ERROR 2025-06-10 00:36:35 get_budget_details get_budget_details Error in get_budget_details for entity HSAR-Flor3 - بازسازی هتل - طبقه سوم لاله سرعین (فعال): cannot import name 'to_jalali' from 'django_jalali.templatetags.jformat' (D:\Design & Source Code\Source Coding\Tanbakhsystem\venv\Lib\site-packages\django_jalali\templatetags\jformat.py)
ERROR 2025-06-10 00:36:41 get_budget_details get_budget_details Error in get_budget_details for entity HSAR-Flor3 - بازسازی هتل - طبقه سوم لاله سرعین (فعال): cannot import name 'to_jalali' from 'django_jalali.templatetags.jformat' (D:\Design & Source Code\Source Coding\Tanbakhsystem\venv\Lib\site-packages\django_jalali\templatetags\jformat.py)
ERROR 2025-06-10 00:36:42 get_budget_details get_budget_details Error in get_budget_details for entity HSAR-Flor3 - بازسازی هتل - طبقه سوم لاله سرعین (فعال): cannot import name 'to_jalali' from 'django_jalali.templatetags.jformat' (D:\Design & Source Code\Source Coding\Tanbakhsystem\venv\Lib\site-packages\django_jalali\templatetags\jformat.py)
ERROR 2025-06-10 00:36:42 get_budget_details get_budget_details Error in get_budget_details for entity HSAR-Flor3 - بازسازی هتل - طبقه سوم لاله سرعین (فعال): cannot import name 'to_jalali' from 'django_jalali.templatetags.jformat' (D:\Design & Source Code\Source Coding\Tanbakhsystem\venv\Lib\site-packages\django_jalali\templatetags\jformat.py)
ERROR 2025-06-10 00:36:43 get_budget_details get_budget_details Error in get_budget_details for entity HSAR-Flor3 - بازسازی هتل - طبقه سوم لاله سرعین (فعال): cannot import name 'to_jalali' from 'django_jalali.templatetags.jformat' (D:\Design & Source Code\Source Coding\Tanbakhsystem\venv\Lib\site-packages\django_jalali\templatetags\jformat.py)
ERROR 2025-06-10 00:37:41 get_budget_details get_budget_details Error in get_budget_details for entity HSAR-Flor3 - بازسازی هتل - طبقه سوم لاله سرعین (فعال): cannot import name 'to_jalali' from 'django_jalali.templatetags.jformat' (D:\Design & Source Code\Source Coding\Tanbakhsystem\venv\Lib\site-packages\django_jalali\templatetags\jformat.py)
ERROR 2025-06-10 00:38:05 get_budget_details get_budget_details Error in get_budget_details for entity HSAR-Flor3 - بازسازی هتل - طبقه سوم لاله سرعین (فعال): cannot import name 'to_jalali' from 'django_jalali.templatetags.jformat' (D:\Design & Source Code\Source Coding\Tanbakhsystem\venv\Lib\site-packages\django_jalali\templatetags\jformat.py)
ERROR 2025-06-10 00:38:06 get_budget_details get_budget_details Error in get_budget_details for entity HSAR-Flor3 - بازسازی هتل - طبقه سوم لاله سرعین (فعال): cannot import name 'to_jalali' from 'django_jalali.templatetags.jformat' (D:\Design & Source Code\Source Coding\Tanbakhsystem\venv\Lib\site-packages\django_jalali\templatetags\jformat.py)
ERROR 2025-06-10 00:38:18 get_budget_details get_budget_details Error in get_budget_details for entity HSAR-Flor3 - بازسازی هتل - طبقه سوم لاله سرعین (فعال): cannot import name 'to_jalali' from 'django_jalali.templatetags.jformat' (D:\Design & Source Code\Source Coding\Tanbakhsystem\venv\Lib\site-packages\django_jalali\templatetags\jformat.py)
ERROR 2025-06-10 00:38:26 get_budget_details get_budget_details Error in get_budget_details for entity HSAR-Flor3 - بازسازی هتل - طبقه سوم لاله سرعین (فعال): cannot import name 'to_jalali' from 'django_jalali.templatetags.jformat' (D:\Design & Source Code\Source Coding\Tanbakhsystem\venv\Lib\site-packages\django_jalali\templatetags\jformat.py)
ERROR 2025-06-10 00:39:59 get_budget_details get_budget_details Error in get_budget_details for entity HSAR-Flor3 - بازسازی هتل - طبقه سوم لاله سرعین (فعال): cannot import name 'to_jalali' from 'django_jalali.templatetags.jformat' (D:\Design & Source Code\Source Coding\Tanbakhsystem\venv\Lib\site-packages\django_jalali\templatetags\jformat.py)
ERROR 2025-06-10 00:40:00 get_budget_details get_budget_details Error in get_budget_details for entity HSAR-Flor3 - بازسازی هتل - طبقه سوم لاله سرعین (فعال): cannot import name 'to_jalali' from 'django_jalali.templatetags.jformat' (D:\Design & Source Code\Source Coding\Tanbakhsystem\venv\Lib\site-packages\django_jalali\templatetags\jformat.py)
ERROR 2025-06-10 00:40:12 get_budget_details get_budget_details Error in get_budget_details for entity HSAR-Flor3 - بازسازی هتل - طبقه سوم لاله سرعین (فعال): cannot import name 'to_jalali' from 'django_jalali.templatetags.jformat' (D:\Design & Source Code\Source Coding\Tanbakhsystem\venv\Lib\site-packages\django_jalali\templatetags\jformat.py)
ERROR 2025-06-10 00:42:02 get_budget_details get_budget_details Error in get_budget_details for entity HSAR-Flor3 - بازسازی هتل - طبقه سوم لاله سرعین (فعال): cannot import name 'to_jalali' from 'django_jalali.templatetags.jformat' (D:\Design & Source Code\Source Coding\Tanbakhsystem\venv\Lib\site-packages\django_jalali\templatetags\jformat.py)
ERROR 2025-06-10 00:43:16 get_budget_details get_budget_details Error in get_budget_details for entity HSAR-Flor3 - بازسازی هتل - طبقه سوم لاله سرعین (فعال): cannot import name 'to_jalali' from 'django_jalali.templatetags.jformat' (D:\Design & Source Code\Source Coding\Tanbakhsystem\venv\Lib\site-packages\django_jalali\templatetags\jformat.py)
ERROR 2025-06-10 00:43:28 get_budget_details get_budget_details Error in get_budget_details for entity HSAR-Flor3 - بازسازی هتل - طبقه سوم لاله سرعین (فعال): cannot import name 'to_jalali' from 'django_jalali.templatetags.jformat' (D:\Design & Source Code\Source Coding\Tanbakhsystem\venv\Lib\site-packages\django_jalali\templatetags\jformat.py)
ERROR 2025-06-10 00:43:28 get_budget_details get_budget_details Error in get_budget_details for entity HSAR-Flor3 - بازسازی هتل - طبقه سوم لاله سرعین (فعال): cannot import name 'to_jalali' from 'django_jalali.templatetags.jformat' (D:\Design & Source Code\Source Coding\Tanbakhsystem\venv\Lib\site-packages\django_jalali\templatetags\jformat.py)
ERROR 2025-06-10 00:43:29 get_budget_details get_budget_details Error in get_budget_details for entity HSAR-Flor3 - بازسازی هتل - طبقه سوم لاله سرعین (فعال): cannot import name 'to_jalali' from 'django_jalali.templatetags.jformat' (D:\Design & Source Code\Source Coding\Tanbakhsystem\venv\Lib\site-packages\django_jalali\templatetags\jformat.py)
ERROR 2025-06-10 00:43:40 get_budget_details get_budget_details Error in get_budget_details for entity HSAR-Flor3 - بازسازی هتل - طبقه سوم لاله سرعین (فعال): cannot import name 'to_jalali' from 'django_jalali.templatetags.jformat' (D:\Design & Source Code\Source Coding\Tanbakhsystem\venv\Lib\site-packages\django_jalali\templatetags\jformat.py)
ERROR 2025-06-10 00:43:58 get_budget_details get_budget_details Error in get_budget_details for entity HSAR-Flor3 - بازسازی هتل - طبقه سوم لاله سرعین (فعال): cannot import name 'to_jalali' from 'django_jalali.templatetags.jformat' (D:\Design & Source Code\Source Coding\Tanbakhsystem\venv\Lib\site-packages\django_jalali\templatetags\jformat.py)
ERROR 2025-06-10 00:45:54 get_budget_details get_budget_details Error in get_budget_details for entity HSAR-Flor3 - بازسازی هتل - طبقه سوم لاله سرعین (فعال): cannot import name 'to_jalali' from 'django_jalali.templatetags.jformat' (D:\Design & Source Code\Source Coding\Tanbakhsystem\venv\Lib\site-packages\django_jalali\templatetags\jformat.py)
ERROR 2025-06-10 00:46:03 get_budget_details get_budget_details Error in get_budget_details for entity HSAR-Flor3 - بازسازی هتل - طبقه سوم لاله سرعین (فعال): cannot import name 'to_jalali' from 'django_jalali.templatetags.jformat' (D:\Design & Source Code\Source Coding\Tanbakhsystem\venv\Lib\site-packages\django_jalali\templatetags\jformat.py)
ERROR 2025-06-10 00:46:03 get_budget_details get_budget_details Error in get_budget_details for entity HSAR-Flor3 - بازسازی هتل - طبقه سوم لاله سرعین (فعال): cannot import name 'to_jalali' from 'django_jalali.templatetags.jformat' (D:\Design & Source Code\Source Coding\Tanbakhsystem\venv\Lib\site-packages\django_jalali\templatetags\jformat.py)
ERROR 2025-06-10 00:49:10 get_budget_details get_budget_details Error in get_budget_details for entity HSAR-Flor3 - بازسازی هتل - طبقه سوم لاله سرعین (فعال): cannot import name 'to_jalali' from 'django_jalali.templatetags.jformat' (D:\Design & Source Code\Source Coding\Tanbakhsystem\venv\Lib\site-packages\django_jalali\templatetags\jformat.py)
ERROR 2025-06-10 00:49:11 get_budget_details get_budget_details Error in get_budget_details for entity HSAR-Flor3 - بازسازی هتل - طبقه سوم لاله سرعین (فعال): cannot import name 'to_jalali' from 'django_jalali.templatetags.jformat' (D:\Design & Source Code\Source Coding\Tanbakhsystem\venv\Lib\site-packages\django_jalali\templatetags\jformat.py)
ERROR 2025-06-10 00:49:12 get_budget_details get_budget_details Error in get_budget_details for entity HSAR-Flor3 - بازسازی هتل - طبقه سوم لاله سرعین (فعال): cannot import name 'to_jalali' from 'django_jalali.templatetags.jformat' (D:\Design & Source Code\Source Coding\Tanbakhsystem\venv\Lib\site-packages\django_jalali\templatetags\jformat.py)
ERROR 2025-06-10 00:50:15 ComprehensiveBudgetReportView get API Error for budget items (Period PK=21, Org PK=1): Cannot find 'project_allocations' on BudgetAllocation object, 'project_allocations' is an invalid parameter to prefetch_related()
Traceback (most recent call last):
  File "D:\Design & Source Code\Source Coding\Tanbakhsystem\reports\ComprehensiveBudgetReportView.py", line 107, in get
    for ba_instance in budget_allocations_qs:
                       ^^^^^^^^^^^^^^^^^^^^^
  File "D:\Design & Source Code\Source Coding\Tanbakhsystem\venv\Lib\site-packages\django\db\models\query.py", line 400, in __iter__
    self._fetch_all()
    ~~~~~~~~~~~~~~~^^
  File "D:\Design & Source Code\Source Coding\Tanbakhsystem\venv\Lib\site-packages\django\db\models\query.py", line 1930, in _fetch_all
    self._prefetch_related_objects()
    ~~~~~~~~~~~~~~~~~~~~~~~~~~~~~~^^
  File "D:\Design & Source Code\Source Coding\Tanbakhsystem\venv\Lib\site-packages\django\db\models\query.py", line 1320, in _prefetch_related_objects
    prefetch_related_objects(self._result_cache, *self._prefetch_related_lookups)
    ~~~~~~~~~~~~~~~~~~~~~~~~^^^^^^^^^^^^^^^^^^^^^^^^^^^^^^^^^^^^^^^^^^^^^^^^^^^^^
  File "D:\Design & Source Code\Source Coding\Tanbakhsystem\venv\Lib\site-packages\django\db\models\query.py", line 2355, in prefetch_related_objects
    raise AttributeError(
    ...<7 lines>...
    )
AttributeError: Cannot find 'project_allocations' on BudgetAllocation object, 'project_allocations' is an invalid parameter to prefetch_related()
ERROR 2025-06-10 00:55:23 get_budget_details get_budget_details Error in get_budget_details for entity HSAR-Flor3 - بازسازی هتل - طبقه سوم لاله سرعین (فعال): cannot import name 'to_jalali' from 'django_jalali.templatetags.jformat' (D:\Design & Source Code\Source Coding\Tanbakhsystem\venv\Lib\site-packages\django_jalali\templatetags\jformat.py)
ERROR 2025-06-10 00:55:24 get_budget_details get_budget_details Error in get_budget_details for entity HSAR-Flor3 - بازسازی هتل - طبقه سوم لاله سرعین (فعال): cannot import name 'to_jalali' from 'django_jalali.templatetags.jformat' (D:\Design & Source Code\Source Coding\Tanbakhsystem\venv\Lib\site-packages\django_jalali\templatetags\jformat.py)
ERROR 2025-06-10 00:55:39 get_budget_details get_budget_details Error in get_budget_details for entity HSAR-Flor3 - بازسازی هتل - طبقه سوم لاله سرعین (فعال): cannot import name 'to_jalali' from 'django_jalali.templatetags.jformat' (D:\Design & Source Code\Source Coding\Tanbakhsystem\venv\Lib\site-packages\django_jalali\templatetags\jformat.py)
ERROR 2025-06-10 00:56:22 get_budget_details get_budget_details Error in get_budget_details for entity HSAR-Flor3 - بازسازی هتل - طبقه سوم لاله سرعین (فعال): cannot import name 'to_jalali' from 'django_jalali.templatetags.jformat' (D:\Design & Source Code\Source Coding\Tanbakhsystem\venv\Lib\site-packages\django_jalali\templatetags\jformat.py)
ERROR 2025-06-10 00:56:48 get_budget_details get_budget_details Error in get_budget_details for entity HSAR-Flor3 - بازسازی هتل - طبقه سوم لاله سرعین (فعال): cannot import name 'to_jalali' from 'django_jalali.templatetags.jformat' (D:\Design & Source Code\Source Coding\Tanbakhsystem\venv\Lib\site-packages\django_jalali\templatetags\jformat.py)
ERROR 2025-06-10 00:57:12 get_budget_details get_budget_details Error in get_budget_details for entity HSAR-Flor3 - بازسازی هتل - طبقه سوم لاله سرعین (فعال): cannot import name 'to_jalali' from 'django_jalali.templatetags.jformat' (D:\Design & Source Code\Source Coding\Tanbakhsystem\venv\Lib\site-packages\django_jalali\templatetags\jformat.py)
ERROR 2025-06-10 00:59:34 get_budget_details get_budget_details Error in get_budget_details for entity HSAR-Flor3 - بازسازی هتل - طبقه سوم لاله سرعین (فعال): cannot import name 'to_jalali' from 'django_jalali.templatetags.jformat' (D:\Design & Source Code\Source Coding\Tanbakhsystem\venv\Lib\site-packages\django_jalali\templatetags\jformat.py)
ERROR 2025-06-10 00:59:40 get_budget_details get_budget_details Error in get_budget_details for entity HSAR-Flor3 - بازسازی هتل - طبقه سوم لاله سرعین (فعال): cannot import name 'to_jalali' from 'django_jalali.templatetags.jformat' (D:\Design & Source Code\Source Coding\Tanbakhsystem\venv\Lib\site-packages\django_jalali\templatetags\jformat.py)
ERROR 2025-06-10 00:59:41 get_budget_details get_budget_details Error in get_budget_details for entity HSAR-Flor3 - بازسازی هتل - طبقه سوم لاله سرعین (فعال): cannot import name 'to_jalali' from 'django_jalali.templatetags.jformat' (D:\Design & Source Code\Source Coding\Tanbakhsystem\venv\Lib\site-packages\django_jalali\templatetags\jformat.py)
ERROR 2025-06-10 00:59:42 get_budget_details get_budget_details Error in get_budget_details for entity HSAR-Flor3 - بازسازی هتل - طبقه سوم لاله سرعین (فعال): cannot import name 'to_jalali' from 'django_jalali.templatetags.jformat' (D:\Design & Source Code\Source Coding\Tanbakhsystem\venv\Lib\site-packages\django_jalali\templatetags\jformat.py)
ERROR 2025-06-10 01:00:48 get_budget_details get_budget_details Error in get_budget_details for entity HSAR-Flor3 - بازسازی هتل - طبقه سوم لاله سرعین (فعال): cannot import name 'to_jalali' from 'django_jalali.templatetags.jformat' (D:\Design & Source Code\Source Coding\Tanbakhsystem\venv\Lib\site-packages\django_jalali\templatetags\jformat.py)
ERROR 2025-06-10 01:06:14 get_budget_details get_budget_details Error in get_budget_details for entity HSAR-Flor3 - بازسازی هتل - طبقه سوم لاله سرعین (فعال): cannot import name 'to_jalali' from 'django_jalali.templatetags.jformat' (D:\Design & Source Code\Source Coding\Tanbakhsystem\venv\Lib\site-packages\django_jalali\templatetags\jformat.py)
ERROR 2025-06-10 01:06:15 get_budget_details get_budget_details Error in get_budget_details for entity HSAR-Flor3 - بازسازی هتل - طبقه سوم لاله سرعین (فعال): cannot import name 'to_jalali' from 'django_jalali.templatetags.jformat' (D:\Design & Source Code\Source Coding\Tanbakhsystem\venv\Lib\site-packages\django_jalali\templatetags\jformat.py)
ERROR 2025-06-10 01:07:48 get_budget_details get_budget_details Error in get_budget_details for entity HSAR-Flor3 - بازسازی هتل - طبقه سوم لاله سرعین (فعال): cannot import name 'to_jalali' from 'django_jalali.templatetags.jformat' (D:\Design & Source Code\Source Coding\Tanbakhsystem\venv\Lib\site-packages\django_jalali\templatetags\jformat.py)
ERROR 2025-06-10 01:07:50 get_budget_details get_budget_details Error in get_budget_details for entity HSAR-Flor3 - بازسازی هتل - طبقه سوم لاله سرعین (فعال): cannot import name 'to_jalali' from 'django_jalali.templatetags.jformat' (D:\Design & Source Code\Source Coding\Tanbakhsystem\venv\Lib\site-packages\django_jalali\templatetags\jformat.py)
ERROR 2025-06-10 01:08:42 get_budget_details get_budget_details Error in get_budget_details for entity HSAR-Flor3 - بازسازی هتل - طبقه سوم لاله سرعین (فعال): cannot import name 'to_jalali' from 'django_jalali.templatetags.jformat' (D:\Design & Source Code\Source Coding\Tanbakhsystem\venv\Lib\site-packages\django_jalali\templatetags\jformat.py)
ERROR 2025-06-10 01:08:46 get_budget_details get_budget_details Error in get_budget_details for entity HSAR-Flor3 - بازسازی هتل - طبقه سوم لاله سرعین (فعال): cannot import name 'to_jalali' from 'django_jalali.templatetags.jformat' (D:\Design & Source Code\Source Coding\Tanbakhsystem\venv\Lib\site-packages\django_jalali\templatetags\jformat.py)
ERROR 2025-06-10 01:11:46 get_budget_details get_budget_details Error in get_budget_details for entity HSAR-Flor3 - بازسازی هتل - طبقه سوم لاله سرعین (فعال): cannot import name 'to_jalali' from 'django_jalali.templatetags.jformat' (D:\Design & Source Code\Source Coding\Tanbakhsystem\venv\Lib\site-packages\django_jalali\templatetags\jformat.py)
ERROR 2025-06-10 01:12:50 get_budget_details get_budget_details Error in get_budget_details for entity HSAR-Flor3 - بازسازی هتل - طبقه سوم لاله سرعین (فعال): cannot import name 'to_jalali' from 'django_jalali.templatetags.jformat' (D:\Design & Source Code\Source Coding\Tanbakhsystem\venv\Lib\site-packages\django_jalali\templatetags\jformat.py)
ERROR 2025-06-10 01:13:02 get_budget_details get_budget_details Error in get_budget_details for entity HSAR-Flor3 - بازسازی هتل - طبقه سوم لاله سرعین (فعال): cannot import name 'to_jalali' from 'django_jalali.templatetags.jformat' (D:\Design & Source Code\Source Coding\Tanbakhsystem\venv\Lib\site-packages\django_jalali\templatetags\jformat.py)
ERROR 2025-06-10 01:17:38 get_budget_details get_budget_details Error in get_budget_details for entity HSAR-Flor3 - بازسازی هتل - طبقه سوم لاله سرعین (فعال): cannot import name 'to_jalali' from 'django_jalali.templatetags.jformat' (D:\Design & Source Code\Source Coding\Tanbakhsystem\venv\Lib\site-packages\django_jalali\templatetags\jformat.py)
ERROR 2025-06-10 01:17:38 get_budget_details get_budget_details Error in get_budget_details for entity HSAR-Flor3 - بازسازی هتل - طبقه سوم لاله سرعین (فعال): cannot import name 'to_jalali' from 'django_jalali.templatetags.jformat' (D:\Design & Source Code\Source Coding\Tanbakhsystem\venv\Lib\site-packages\django_jalali\templatetags\jformat.py)
ERROR 2025-06-10 01:17:53 get_budget_details get_budget_details Error in get_budget_details for entity HSAR-Flor3 - بازسازی هتل - طبقه سوم لاله سرعین (فعال): cannot import name 'to_jalali' from 'django_jalali.templatetags.jformat' (D:\Design & Source Code\Source Coding\Tanbakhsystem\venv\Lib\site-packages\django_jalali\templatetags\jformat.py)
ERROR 2025-06-10 01:18:15 get_budget_details get_budget_details Error in get_budget_details for entity HSAR-Flor3 - بازسازی هتل - طبقه سوم لاله سرعین (فعال): cannot import name 'to_jalali' from 'django_jalali.templatetags.jformat' (D:\Design & Source Code\Source Coding\Tanbakhsystem\venv\Lib\site-packages\django_jalali\templatetags\jformat.py)
ERROR 2025-06-10 01:19:25 get_budget_details get_budget_details Error in get_budget_details for entity HSAR-Flor3 - بازسازی هتل - طبقه سوم لاله سرعین (فعال): cannot import name 'to_jalali' from 'django_jalali.templatetags.jformat' (D:\Design & Source Code\Source Coding\Tanbakhsystem\venv\Lib\site-packages\django_jalali\templatetags\jformat.py)
ERROR 2025-06-10 01:21:11 get_budget_details get_budget_details Error in get_budget_details for entity HSAR-Flor3 - بازسازی هتل - طبقه سوم لاله سرعین (فعال): cannot import name 'to_jalali' from 'django_jalali.templatetags.jformat' (D:\Design & Source Code\Source Coding\Tanbakhsystem\venv\Lib\site-packages\django_jalali\templatetags\jformat.py)
ERROR 2025-06-10 01:23:45 get_budget_details get_budget_details Error in get_budget_details for entity HSAR-Flor3 - بازسازی هتل - طبقه سوم لاله سرعین (فعال): cannot import name 'to_jalali' from 'django_jalali.templatetags.jformat' (D:\Design & Source Code\Source Coding\Tanbakhsystem\venv\Lib\site-packages\django_jalali\templatetags\jformat.py)
ERROR 2025-06-10 01:24:23 get_budget_details get_budget_details Error in get_budget_details for entity HSAR-Flor3 - بازسازی هتل - طبقه سوم لاله سرعین (فعال): cannot import name 'to_jalali' from 'django_jalali.templatetags.jformat' (D:\Design & Source Code\Source Coding\Tanbakhsystem\venv\Lib\site-packages\django_jalali\templatetags\jformat.py)
ERROR 2025-06-10 01:24:52 get_budget_details get_budget_details Error in get_budget_details for entity HSAR-Flor3 - بازسازی هتل - طبقه سوم لاله سرعین (فعال): cannot import name 'to_jalali' from 'django_jalali.templatetags.jformat' (D:\Design & Source Code\Source Coding\Tanbakhsystem\venv\Lib\site-packages\django_jalali\templatetags\jformat.py)
ERROR 2025-06-10 01:24:53 get_budget_details get_budget_details Error in get_budget_details for entity HSAR-Flor3 - بازسازی هتل - طبقه سوم لاله سرعین (فعال): cannot import name 'to_jalali' from 'django_jalali.templatetags.jformat' (D:\Design & Source Code\Source Coding\Tanbakhsystem\venv\Lib\site-packages\django_jalali\templatetags\jformat.py)
ERROR 2025-06-10 01:24:54 get_budget_details get_budget_details Error in get_budget_details for entity HSAR-Flor3 - بازسازی هتل - طبقه سوم لاله سرعین (فعال): cannot import name 'to_jalali' from 'django_jalali.templatetags.jformat' (D:\Design & Source Code\Source Coding\Tanbakhsystem\venv\Lib\site-packages\django_jalali\templatetags\jformat.py)
ERROR 2025-06-10 01:25:35 get_budget_details get_budget_details Error in get_budget_details for entity HSAR-Flor3 - بازسازی هتل - طبقه سوم لاله سرعین (فعال): cannot import name 'to_jalali' from 'django_jalali.templatetags.jformat' (D:\Design & Source Code\Source Coding\Tanbakhsystem\venv\Lib\site-packages\django_jalali\templatetags\jformat.py)
ERROR 2025-06-10 01:25:36 get_budget_details get_budget_details Error in get_budget_details for entity HSAR-Flor3 - بازسازی هتل - طبقه سوم لاله سرعین (فعال): cannot import name 'to_jalali' from 'django_jalali.templatetags.jformat' (D:\Design & Source Code\Source Coding\Tanbakhsystem\venv\Lib\site-packages\django_jalali\templatetags\jformat.py)
ERROR 2025-06-10 01:25:37 get_budget_details get_budget_details Error in get_budget_details for entity HSAR-Flor3 - بازسازی هتل - طبقه سوم لاله سرعین (فعال): cannot import name 'to_jalali' from 'django_jalali.templatetags.jformat' (D:\Design & Source Code\Source Coding\Tanbakhsystem\venv\Lib\site-packages\django_jalali\templatetags\jformat.py)
ERROR 2025-06-10 01:25:49 get_budget_details get_budget_details Error in get_budget_details for entity HSAR-Flor3 - بازسازی هتل - طبقه سوم لاله سرعین (فعال): cannot import name 'to_jalali' from 'django_jalali.templatetags.jformat' (D:\Design & Source Code\Source Coding\Tanbakhsystem\venv\Lib\site-packages\django_jalali\templatetags\jformat.py)
ERROR 2025-06-10 01:26:20 get_budget_details get_budget_details Error in get_budget_details for entity HSAR-Flor3 - بازسازی هتل - طبقه سوم لاله سرعین (فعال): cannot import name 'to_jalali' from 'django_jalali.templatetags.jformat' (D:\Design & Source Code\Source Coding\Tanbakhsystem\venv\Lib\site-packages\django_jalali\templatetags\jformat.py)
ERROR 2025-06-10 01:26:23 get_budget_details get_budget_details Error in get_budget_details for entity HSAR-Flor3 - بازسازی هتل - طبقه سوم لاله سرعین (فعال): cannot import name 'to_jalali' from 'django_jalali.templatetags.jformat' (D:\Design & Source Code\Source Coding\Tanbakhsystem\venv\Lib\site-packages\django_jalali\templatetags\jformat.py)
ERROR 2025-06-10 01:26:24 get_budget_details get_budget_details Error in get_budget_details for entity HSAR-Flor3 - بازسازی هتل - طبقه سوم لاله سرعین (فعال): cannot import name 'to_jalali' from 'django_jalali.templatetags.jformat' (D:\Design & Source Code\Source Coding\Tanbakhsystem\venv\Lib\site-packages\django_jalali\templatetags\jformat.py)
ERROR 2025-06-10 01:26:25 get_budget_details get_budget_details Error in get_budget_details for entity HSAR-Flor3 - بازسازی هتل - طبقه سوم لاله سرعین (فعال): cannot import name 'to_jalali' from 'django_jalali.templatetags.jformat' (D:\Design & Source Code\Source Coding\Tanbakhsystem\venv\Lib\site-packages\django_jalali\templatetags\jformat.py)
ERROR 2025-06-10 01:26:31 models save Error saving BudgetAllocation: ['مبلغ تخصیص باید مثبت باشد.']
Traceback (most recent call last):
  File "D:\Design & Source Code\Source Coding\Tanbakhsystem\budgets\models.py", line 726, in save
    self.clean()
    ~~~~~~~~~~^^
  File "D:\Design & Source Code\Source Coding\Tanbakhsystem\budgets\models.py", line 607, in clean
    raise ValidationError(_("مبلغ تخصیص باید مثبت باشد."))
django.core.exceptions.ValidationError: ['مبلغ تخصیص باید مثبت باشد.']
ERROR 2025-06-10 01:26:31 models save Error saving BudgetTransaction: ['مبلغ تخصیص باید مثبت باشد.']
Traceback (most recent call last):
  File "D:\Design & Source Code\Source Coding\Tanbakhsystem\budgets\models.py", line 1375, in save
    self.allocation.save(update_fields=['allocated_amount', 'returned_amount'])
    ~~~~~~~~~~~~~~~~~~~~^^^^^^^^^^^^^^^^^^^^^^^^^^^^^^^^^^^^^^^^^^^^^^^^^^^^^^^
  File "D:\Design & Source Code\Source Coding\Tanbakhsystem\budgets\models.py", line 726, in save
    self.clean()
    ~~~~~~~~~~^^
  File "D:\Design & Source Code\Source Coding\Tanbakhsystem\budgets\models.py", line 607, in clean
    raise ValidationError(_("مبلغ تخصیص باید مثبت باشد."))
django.core.exceptions.ValidationError: ['مبلغ تخصیص باید مثبت باشد.']
ERROR 2025-06-10 01:26:31 forms_BudgetReturm save Validation error during save: ['مبلغ تخصیص باید مثبت باشد.']
ERROR 2025-06-10 01:26:31 view_BudgetReturn form_valid Error creating return transaction for allocation 76: ['مبلغ تخصیص باید مثبت باشد.']
ERROR 2025-06-10 01:26:31 get_budget_details get_budget_details Error in get_budget_details for entity HSAR-Flor3 - بازسازی هتل - طبقه سوم لاله سرعین (فعال): cannot import name 'to_jalali' from 'django_jalali.templatetags.jformat' (D:\Design & Source Code\Source Coding\Tanbakhsystem\venv\Lib\site-packages\django_jalali\templatetags\jformat.py)
ERROR 2025-06-10 01:26:44 models save Error saving BudgetAllocation: ['مبلغ تخصیص باید مثبت باشد.']
Traceback (most recent call last):
  File "D:\Design & Source Code\Source Coding\Tanbakhsystem\budgets\models.py", line 726, in save
    self.clean()
    ~~~~~~~~~~^^
  File "D:\Design & Source Code\Source Coding\Tanbakhsystem\budgets\models.py", line 607, in clean
    raise ValidationError(_("مبلغ تخصیص باید مثبت باشد."))
django.core.exceptions.ValidationError: ['مبلغ تخصیص باید مثبت باشد.']
ERROR 2025-06-10 01:26:44 models save Error saving BudgetTransaction: ['مبلغ تخصیص باید مثبت باشد.']
Traceback (most recent call last):
  File "D:\Design & Source Code\Source Coding\Tanbakhsystem\budgets\models.py", line 1375, in save
    self.allocation.save(update_fields=['allocated_amount', 'returned_amount'])
    ~~~~~~~~~~~~~~~~~~~~^^^^^^^^^^^^^^^^^^^^^^^^^^^^^^^^^^^^^^^^^^^^^^^^^^^^^^^
  File "D:\Design & Source Code\Source Coding\Tanbakhsystem\budgets\models.py", line 726, in save
    self.clean()
    ~~~~~~~~~~^^
  File "D:\Design & Source Code\Source Coding\Tanbakhsystem\budgets\models.py", line 607, in clean
    raise ValidationError(_("مبلغ تخصیص باید مثبت باشد."))
django.core.exceptions.ValidationError: ['مبلغ تخصیص باید مثبت باشد.']
ERROR 2025-06-10 01:26:44 forms_BudgetReturm save Validation error during save: ['مبلغ تخصیص باید مثبت باشد.']
ERROR 2025-06-10 01:26:44 view_BudgetReturn form_valid Error creating return transaction for allocation 76: ['مبلغ تخصیص باید مثبت باشد.']
ERROR 2025-06-10 01:26:44 get_budget_details get_budget_details Error in get_budget_details for entity HSAR-Flor3 - بازسازی هتل - طبقه سوم لاله سرعین (فعال): cannot import name 'to_jalali' from 'django_jalali.templatetags.jformat' (D:\Design & Source Code\Source Coding\Tanbakhsystem\venv\Lib\site-packages\django_jalali\templatetags\jformat.py)
ERROR 2025-06-10 01:26:50 models save Error saving BudgetAllocation: ['مبلغ تخصیص باید مثبت باشد.']
Traceback (most recent call last):
  File "D:\Design & Source Code\Source Coding\Tanbakhsystem\budgets\models.py", line 726, in save
    self.clean()
    ~~~~~~~~~~^^
  File "D:\Design & Source Code\Source Coding\Tanbakhsystem\budgets\models.py", line 607, in clean
    raise ValidationError(_("مبلغ تخصیص باید مثبت باشد."))
django.core.exceptions.ValidationError: ['مبلغ تخصیص باید مثبت باشد.']
ERROR 2025-06-10 01:26:50 models save Error saving BudgetTransaction: ['مبلغ تخصیص باید مثبت باشد.']
Traceback (most recent call last):
  File "D:\Design & Source Code\Source Coding\Tanbakhsystem\budgets\models.py", line 1375, in save
    self.allocation.save(update_fields=['allocated_amount', 'returned_amount'])
    ~~~~~~~~~~~~~~~~~~~~^^^^^^^^^^^^^^^^^^^^^^^^^^^^^^^^^^^^^^^^^^^^^^^^^^^^^^^
  File "D:\Design & Source Code\Source Coding\Tanbakhsystem\budgets\models.py", line 726, in save
    self.clean()
    ~~~~~~~~~~^^
  File "D:\Design & Source Code\Source Coding\Tanbakhsystem\budgets\models.py", line 607, in clean
    raise ValidationError(_("مبلغ تخصیص باید مثبت باشد."))
django.core.exceptions.ValidationError: ['مبلغ تخصیص باید مثبت باشد.']
ERROR 2025-06-10 01:26:50 forms_BudgetReturm save Validation error during save: ['مبلغ تخصیص باید مثبت باشد.']
ERROR 2025-06-10 01:26:50 view_BudgetReturn form_valid Error creating return transaction for allocation 76: ['مبلغ تخصیص باید مثبت باشد.']
ERROR 2025-06-10 01:26:50 get_budget_details get_budget_details Error in get_budget_details for entity HSAR-Flor3 - بازسازی هتل - طبقه سوم لاله سرعین (فعال): cannot import name 'to_jalali' from 'django_jalali.templatetags.jformat' (D:\Design & Source Code\Source Coding\Tanbakhsystem\venv\Lib\site-packages\django_jalali\templatetags\jformat.py)
ERROR 2025-06-10 01:27:06 models validate_return Return amount 570,000,000 exceeds allocated_amount 6,000,000 for allocation ID: 76
ERROR 2025-06-10 01:27:06 models save Error saving BudgetTransaction: ['مبلغ بازگشت (570,000,000 ریال) نمی\u200cتواند بیشتر از مبلغ تخصیص\u200cیافته (6,000,000 ریال) باشد.']
Traceback (most recent call last):
  File "D:\Design & Source Code\Source Coding\Tanbakhsystem\budgets\models.py", line 1366, in save
    self.clean()
    ~~~~~~~~~~^^
  File "D:\Design & Source Code\Source Coding\Tanbakhsystem\budgets\models.py", line 1351, in clean
    raise ValidationError(error_message)
django.core.exceptions.ValidationError: ['مبلغ بازگشت (570,000,000 ریال) نمی\u200cتواند بیشتر از مبلغ تخصیص\u200cیافته (6,000,000 ریال) باشد.']
ERROR 2025-06-10 01:27:06 forms_BudgetReturm save Validation error during save: ['مبلغ بازگشت (570,000,000 ریال) نمی\u200cتواند بیشتر از مبلغ تخصیص\u200cیافته (6,000,000 ریال) باشد.']
ERROR 2025-06-10 01:27:06 view_BudgetReturn form_valid Error creating return transaction for allocation 76: ['مبلغ بازگشت (570,000,000 ریال) نمی\u200cتواند بیشتر از مبلغ تخصیص\u200cیافته (6,000,000 ریال) باشد.']
ERROR 2025-06-10 01:27:06 get_budget_details get_budget_details Error in get_budget_details for entity HSAR-Flor3 - بازسازی هتل - طبقه سوم لاله سرعین (فعال): cannot import name 'to_jalali' from 'django_jalali.templatetags.jformat' (D:\Design & Source Code\Source Coding\Tanbakhsystem\venv\Lib\site-packages\django_jalali\templatetags\jformat.py)
