INFO 2025-03-25 21:56:22,738 basehttp "GET / HTTP/1.1" 200 39096
WARNING 2025-03-25 21:56:22,878 basehttp "GET /static/images/logo.png HTTP/1.1" 404 1972
INFO 2025-03-25 21:56:36,041 basehttp "GET / HTTP/1.1" 200 39096
WARNING 2025-03-25 21:56:36,211 basehttp "GET /static/images/logo.png HTTP/1.1" 404 1972
ERROR 2025-03-25 21:57:20,038 log Internal Server Error: /accounts/logout/
Traceback (most recent call last):
  File "D:\Design & Source Code\Source Coding\Tanbakhsystem\venv\Lib\site-packages\django\core\handlers\exception.py", line 55, in inner
    response = get_response(request)
  File "D:\Design & Source Code\Source Coding\Tanbakhsystem\accounts\middleware.py", line 61, in __call__
    auth.logout(request)
    ^^^^^^^^^^^
AttributeError: module 'auth' has no attribute 'logout'
ERROR 2025-03-25 21:57:20,049 basehttp "POST /accounts/logout/ HTTP/1.1" 500 69714
INFO 2025-03-25 21:57:20,324 basehttp "GET /favicon.ico HTTP/1.1" 302 0
INFO 2025-03-25 21:57:20,434 basehttp "GET /accounts/login/ HTTP/1.1" 200 14034
INFO 2025-03-25 21:57:59,449 autoreload D:\Design & Source Code\Source Coding\Tanbakhsystem\accounts\middleware.py changed, reloading.
INFO 2025-03-25 21:58:01,051 autoreload Watching for file changes with StatReloader
INFO 2025-03-25 21:58:01,379 basehttp "POST /accounts/logout/ HTTP/1.1" 302 0
INFO 2025-03-25 21:58:01,490 basehttp "GET /accounts/login/ HTTP/1.1" 200 14033
WARNING 2025-03-25 21:58:01,626 basehttp "GET /static/images/logo.png HTTP/1.1" 404 1972
ERROR 2025-03-25 22:00:13,685 log Internal Server Error: /accounts/login/
Traceback (most recent call last):
  File "D:\Design & Source Code\Source Coding\Tanbakhsystem\venv\Lib\site-packages\django\template\base.py", line 510, in parse
    compile_func = self.tags[command]
                   ~~~~~~~~~^^^^^^^^^
KeyError: 'get_final_version'

During handling of the above exception, another exception occurred:

Traceback (most recent call last):
  File "D:\Design & Source Code\Source Coding\Tanbakhsystem\venv\Lib\site-packages\django\core\handlers\exception.py", line 55, in inner
    response = get_response(request)
  File "D:\Design & Source Code\Source Coding\Tanbakhsystem\venv\Lib\site-packages\django\core\handlers\base.py", line 220, in _get_response
    response = response.render()
  File "D:\Design & Source Code\Source Coding\Tanbakhsystem\venv\Lib\site-packages\django\template\response.py", line 114, in render
    self.content = self.rendered_content
                   ^^^^^^^^^^^^^^^^^^^^^
  File "D:\Design & Source Code\Source Coding\Tanbakhsystem\venv\Lib\site-packages\django\template\response.py", line 90, in rendered_content
    template = self.resolve_template(self.template_name)
  File "D:\Design & Source Code\Source Coding\Tanbakhsystem\venv\Lib\site-packages\django\template\response.py", line 72, in resolve_template
    return select_template(template, using=self.using)
  File "D:\Design & Source Code\Source Coding\Tanbakhsystem\venv\Lib\site-packages\django\template\loader.py", line 42, in select_template
    return engine.get_template(template_name)
           ~~~~~~~~~~~~~~~~~~~^^^^^^^^^^^^^^^
  File "D:\Design & Source Code\Source Coding\Tanbakhsystem\venv\Lib\site-packages\django\template\backends\django.py", line 79, in get_template
    return Template(self.engine.get_template(template_name), self)
                    ~~~~~~~~~~~~~~~~~~~~~~~~^^^^^^^^^^^^^^^
  File "D:\Design & Source Code\Source Coding\Tanbakhsystem\venv\Lib\site-packages\django\template\engine.py", line 177, in get_template
    template, origin = self.find_template(template_name)
                       ~~~~~~~~~~~~~~~~~~^^^^^^^^^^^^^^^
  File "D:\Design & Source Code\Source Coding\Tanbakhsystem\venv\Lib\site-packages\django\template\engine.py", line 159, in find_template
    template = loader.get_template(name, skip=skip)
  File "D:\Design & Source Code\Source Coding\Tanbakhsystem\venv\Lib\site-packages\django\template\loaders\cached.py", line 57, in get_template
    template = super().get_template(template_name, skip)
  File "D:\Design & Source Code\Source Coding\Tanbakhsystem\venv\Lib\site-packages\django\template\loaders\base.py", line 28, in get_template
    return Template(
        contents,
    ...<2 lines>...
        self.engine,
    )
  File "D:\Design & Source Code\Source Coding\Tanbakhsystem\venv\Lib\site-packages\django\template\base.py", line 154, in __init__
    self.nodelist = self.compile_nodelist()
                    ~~~~~~~~~~~~~~~~~~~~~^^
  File "D:\Design & Source Code\Source Coding\Tanbakhsystem\venv\Lib\site-packages\django\template\base.py", line 196, in compile_nodelist
    nodelist = parser.parse()
  File "D:\Design & Source Code\Source Coding\Tanbakhsystem\venv\Lib\site-packages\django\template\base.py", line 518, in parse
    raise self.error(token, e)
  File "D:\Design & Source Code\Source Coding\Tanbakhsystem\venv\Lib\site-packages\django\template\base.py", line 516, in parse
    compiled_result = compile_func(self, token)
  File "D:\Design & Source Code\Source Coding\Tanbakhsystem\venv\Lib\site-packages\django\template\loader_tags.py", line 295, in do_extends
    nodelist = parser.parse()
  File "D:\Design & Source Code\Source Coding\Tanbakhsystem\venv\Lib\site-packages\django\template\base.py", line 518, in parse
    raise self.error(token, e)
  File "D:\Design & Source Code\Source Coding\Tanbakhsystem\venv\Lib\site-packages\django\template\base.py", line 516, in parse
    compiled_result = compile_func(self, token)
  File "D:\Design & Source Code\Source Coding\Tanbakhsystem\venv\Lib\site-packages\django\template\loader_tags.py", line 234, in do_block
    nodelist = parser.parse(("endblock",))
  File "D:\Design & Source Code\Source Coding\Tanbakhsystem\venv\Lib\site-packages\django\template\base.py", line 512, in parse
    self.invalid_block_tag(token, command, parse_until)
    ~~~~~~~~~~~~~~~~~~~~~~^^^^^^^^^^^^^^^^^^^^^^^^^^^^^
  File "D:\Design & Source Code\Source Coding\Tanbakhsystem\venv\Lib\site-packages\django\template\base.py", line 563, in invalid_block_tag
    raise self.error(
    ...<8 lines>...
    )
django.template.exceptions.TemplateSyntaxError: Invalid block tag on line 97: 'get_final_version', expected 'endblock'. Did you forget to register or load this tag?
ERROR 2025-03-25 22:00:13,716 basehttp "GET /accounts/login/ HTTP/1.1" 500 193178
INFO 2025-03-25 22:00:14,098 basehttp "GET /favicon.ico HTTP/1.1" 302 0
ERROR 2025-03-25 22:00:14,260 log Internal Server Error: /accounts/login/
Traceback (most recent call last):
  File "D:\Design & Source Code\Source Coding\Tanbakhsystem\venv\Lib\site-packages\django\template\base.py", line 510, in parse
    compile_func = self.tags[command]
                   ~~~~~~~~~^^^^^^^^^
KeyError: 'get_final_version'

During handling of the above exception, another exception occurred:

Traceback (most recent call last):
  File "D:\Design & Source Code\Source Coding\Tanbakhsystem\venv\Lib\site-packages\django\core\handlers\exception.py", line 55, in inner
    response = get_response(request)
  File "D:\Design & Source Code\Source Coding\Tanbakhsystem\venv\Lib\site-packages\django\core\handlers\base.py", line 220, in _get_response
    response = response.render()
  File "D:\Design & Source Code\Source Coding\Tanbakhsystem\venv\Lib\site-packages\django\template\response.py", line 114, in render
    self.content = self.rendered_content
                   ^^^^^^^^^^^^^^^^^^^^^
  File "D:\Design & Source Code\Source Coding\Tanbakhsystem\venv\Lib\site-packages\django\template\response.py", line 90, in rendered_content
    template = self.resolve_template(self.template_name)
  File "D:\Design & Source Code\Source Coding\Tanbakhsystem\venv\Lib\site-packages\django\template\response.py", line 72, in resolve_template
    return select_template(template, using=self.using)
  File "D:\Design & Source Code\Source Coding\Tanbakhsystem\venv\Lib\site-packages\django\template\loader.py", line 42, in select_template
    return engine.get_template(template_name)
           ~~~~~~~~~~~~~~~~~~~^^^^^^^^^^^^^^^
  File "D:\Design & Source Code\Source Coding\Tanbakhsystem\venv\Lib\site-packages\django\template\backends\django.py", line 79, in get_template
    return Template(self.engine.get_template(template_name), self)
                    ~~~~~~~~~~~~~~~~~~~~~~~~^^^^^^^^^^^^^^^
  File "D:\Design & Source Code\Source Coding\Tanbakhsystem\venv\Lib\site-packages\django\template\engine.py", line 177, in get_template
    template, origin = self.find_template(template_name)
                       ~~~~~~~~~~~~~~~~~~^^^^^^^^^^^^^^^
  File "D:\Design & Source Code\Source Coding\Tanbakhsystem\venv\Lib\site-packages\django\template\engine.py", line 159, in find_template
    template = loader.get_template(name, skip=skip)
  File "D:\Design & Source Code\Source Coding\Tanbakhsystem\venv\Lib\site-packages\django\template\loaders\cached.py", line 57, in get_template
    template = super().get_template(template_name, skip)
  File "D:\Design & Source Code\Source Coding\Tanbakhsystem\venv\Lib\site-packages\django\template\loaders\base.py", line 28, in get_template
    return Template(
        contents,
    ...<2 lines>...
        self.engine,
    )
  File "D:\Design & Source Code\Source Coding\Tanbakhsystem\venv\Lib\site-packages\django\template\base.py", line 154, in __init__
    self.nodelist = self.compile_nodelist()
                    ~~~~~~~~~~~~~~~~~~~~~^^
  File "D:\Design & Source Code\Source Coding\Tanbakhsystem\venv\Lib\site-packages\django\template\base.py", line 196, in compile_nodelist
    nodelist = parser.parse()
  File "D:\Design & Source Code\Source Coding\Tanbakhsystem\venv\Lib\site-packages\django\template\base.py", line 518, in parse
    raise self.error(token, e)
  File "D:\Design & Source Code\Source Coding\Tanbakhsystem\venv\Lib\site-packages\django\template\base.py", line 516, in parse
    compiled_result = compile_func(self, token)
  File "D:\Design & Source Code\Source Coding\Tanbakhsystem\venv\Lib\site-packages\django\template\loader_tags.py", line 295, in do_extends
    nodelist = parser.parse()
  File "D:\Design & Source Code\Source Coding\Tanbakhsystem\venv\Lib\site-packages\django\template\base.py", line 518, in parse
    raise self.error(token, e)
  File "D:\Design & Source Code\Source Coding\Tanbakhsystem\venv\Lib\site-packages\django\template\base.py", line 516, in parse
    compiled_result = compile_func(self, token)
  File "D:\Design & Source Code\Source Coding\Tanbakhsystem\venv\Lib\site-packages\django\template\loader_tags.py", line 234, in do_block
    nodelist = parser.parse(("endblock",))
  File "D:\Design & Source Code\Source Coding\Tanbakhsystem\venv\Lib\site-packages\django\template\base.py", line 512, in parse
    self.invalid_block_tag(token, command, parse_until)
    ~~~~~~~~~~~~~~~~~~~~~~^^^^^^^^^^^^^^^^^^^^^^^^^^^^^
  File "D:\Design & Source Code\Source Coding\Tanbakhsystem\venv\Lib\site-packages\django\template\base.py", line 563, in invalid_block_tag
    raise self.error(
    ...<8 lines>...
    )
django.template.exceptions.TemplateSyntaxError: Invalid block tag on line 97: 'get_final_version', expected 'endblock'. Did you forget to register or load this tag?
ERROR 2025-03-25 22:00:14,273 basehttp "GET /accounts/login/ HTTP/1.1" 500 192846
INFO 2025-03-25 22:00:59,765 basehttp "GET /accounts/login/ HTTP/1.1" 200 16243
WARNING 2025-03-25 22:00:59,842 basehttp "GET /static/images/tile-pattern.png HTTP/1.1" 404 1996
WARNING 2025-03-25 22:00:59,843 basehttp "GET /static/images/logo.png HTTP/1.1" 404 1972
INFO 2025-03-25 22:01:22,454 basehttp "GET /accounts/login/ HTTP/1.1" 200 16005
WARNING 2025-03-25 22:01:22,560 basehttp "GET /static/images/logo.png HTTP/1.1" 404 1972
WARNING 2025-03-25 22:01:22,560 basehttp "GET /static/images/tile-pattern.png HTTP/1.1" 404 1996
INFO 2025-03-25 22:01:40,614 basehttp "GET /accounts/login/ HTTP/1.1" 200 15840
WARNING 2025-03-25 22:01:40,801 basehttp "GET /static/images/logo.png HTTP/1.1" 404 1972
WARNING 2025-03-25 22:01:40,816 basehttp "GET /static/images/tile-pattern.png HTTP/1.1" 404 1996
INFO 2025-03-25 22:01:56,618 basehttp "GET /accounts/login/ HTTP/1.1" 200 15840
WARNING 2025-03-25 22:01:57,067 basehttp "GET /static/images/tile-pattern.png HTTP/1.1" 404 1996
INFO 2025-03-25 22:01:57,249 basehttp "GET /accounts/login/ HTTP/1.1" 200 15840
WARNING 2025-03-25 22:01:57,332 basehttp "GET /static/images/tile-pattern.png HTTP/1.1" 404 1996
INFO 2025-03-25 22:01:57,447 basehttp "GET /static/admin/css/animate.min.css HTTP/1.1" 200 71750
INFO 2025-03-25 22:01:57,480 basehttp "GET /static/admin/css/jalalidatepicker.min.css HTTP/1.1" 200 5396
INFO 2025-03-25 22:01:57,490 basehttp "GET /static/admin/css/all.min.css HTTP/1.1" 200 83981
INFO 2025-03-25 22:01:57,514 basehttp "GET /static/admin/css/bootstrap.rtl.min.css HTTP/1.1" 200 195007
INFO 2025-03-25 22:01:57,526 basehttp "GET /static/admin/css/custom.css HTTP/1.1" 200 8641
INFO 2025-03-25 22:01:58,290 basehttp "GET /static/admin/css/jalalidatepicker.min.css HTTP/1.1" 200 5396
INFO 2025-03-25 22:01:58,296 basehttp "GET /static/admin/css/bootstrap.rtl.min.css HTTP/1.1" 200 195007
INFO 2025-03-25 22:01:58,297 basehttp "GET /static/admin/css/animate.min.css HTTP/1.1" 200 71750
INFO 2025-03-25 22:01:58,306 basehttp "GET /static/admin/css/custom.css HTTP/1.1" 200 8641
INFO 2025-03-25 22:01:58,312 basehttp "GET /static/admin/img/RCMS2.svg HTTP/1.1" 200 6859
INFO 2025-03-25 22:01:58,314 basehttp "GET /static/admin/css/all.min.css HTTP/1.1" 200 83981
WARNING 2025-03-25 22:01:58,337 basehttp "GET /static/images/logo.png HTTP/1.1" 404 1972
INFO 2025-03-25 22:01:58,382 basehttp "GET /static/admin/js/datepicker-fa.js HTTP/1.1" 200 1382
INFO 2025-03-25 22:01:58,390 basehttp "GET /static/admin/js/jalalidatepicker.min.js HTTP/1.1" 200 13541
INFO 2025-03-25 22:01:58,407 basehttp "GET /static/admin/js/jquery-3.6.0.min.js HTTP/1.1" 200 89501
INFO 2025-03-25 22:01:58,411 basehttp "GET /static/admin/js/bootstrap.bundle.min.js HTTP/1.1" 200 78743
INFO 2025-03-25 22:01:58,423 basehttp "GET /static/admin/js/django_jalali.min.js HTTP/1.1" 200 139578
INFO 2025-03-25 22:01:58,436 basehttp "GET /static/admin/js/jquery-ui.min.js HTTP/1.1" 200 253668
INFO 2025-03-25 22:01:58,448 basehttp "GET /static/admin/webfonts/fa-solid-900.woff2 HTTP/1.1" 200 150020
INFO 2025-03-25 22:01:58,463 basehttp "GET /static/admin/js/numberFormatter.js HTTP/1.1" 200 3562
INFO 2025-03-25 22:01:58,465 basehttp "GET /static/admin/fonts/Parastoo.ttf HTTP/1.1" 200 91776
INFO 2025-03-25 22:01:58,548 basehttp "GET /static/admin/img/favicon.ico HTTP/1.1" 200 242366
INFO 2025-03-25 22:02:00,231 basehttp "GET /accounts/login/ HTTP/1.1" 200 15840
WARNING 2025-03-25 22:02:00,343 basehttp "GET /static/images/logo.png HTTP/1.1" 404 1972
WARNING 2025-03-25 22:02:00,358 basehttp "GET /static/images/tile-pattern.png HTTP/1.1" 404 1996
INFO 2025-03-25 22:02:21,665 basehttp "POST /accounts/login/ HTTP/1.1" 302 0
INFO 2025-03-25 22:02:21,798 basehttp "GET / HTTP/1.1" 200 39092
WARNING 2025-03-25 22:02:21,887 basehttp "GET /static/images/logo.png HTTP/1.1" 404 1972
ERROR 2025-03-25 22:02:26,483 log Internal Server Error: /accounts/logout/
Traceback (most recent call last):
  File "D:\Design & Source Code\Source Coding\Tanbakhsystem\venv\Lib\site-packages\django\core\handlers\exception.py", line 55, in inner
    response = get_response(request)
  File "D:\Design & Source Code\Source Coding\Tanbakhsystem\accounts\middleware.py", line 60, in __call__
    auth.logout(request)
    ^^^^
NameError: name 'auth' is not defined
ERROR 2025-03-25 22:02:26,490 basehttp "POST /accounts/logout/ HTTP/1.1" 500 69578
INFO 2025-03-25 22:02:26,671 basehttp "GET /favicon.ico HTTP/1.1" 302 0
INFO 2025-03-25 22:02:26,743 basehttp "GET /accounts/login/ HTTP/1.1" 200 15840
INFO 2025-03-25 22:03:03,948 basehttp "GET / HTTP/1.1" 302 0
ERROR 2025-03-25 22:03:04,220 log Internal Server Error: /accounts/login/
Traceback (most recent call last):
  File "D:\Design & Source Code\Source Coding\Tanbakhsystem\venv\Lib\site-packages\django\template\base.py", line 510, in parse
    compile_func = self.tags[command]
                   ~~~~~~~~~^^^^^^^^^
KeyError: 'get_final_version'

During handling of the above exception, another exception occurred:

Traceback (most recent call last):
  File "D:\Design & Source Code\Source Coding\Tanbakhsystem\venv\Lib\site-packages\django\core\handlers\exception.py", line 55, in inner
    response = get_response(request)
  File "D:\Design & Source Code\Source Coding\Tanbakhsystem\venv\Lib\site-packages\django\core\handlers\base.py", line 220, in _get_response
    response = response.render()
  File "D:\Design & Source Code\Source Coding\Tanbakhsystem\venv\Lib\site-packages\django\template\response.py", line 114, in render
    self.content = self.rendered_content
                   ^^^^^^^^^^^^^^^^^^^^^
  File "D:\Design & Source Code\Source Coding\Tanbakhsystem\venv\Lib\site-packages\django\template\response.py", line 90, in rendered_content
    template = self.resolve_template(self.template_name)
  File "D:\Design & Source Code\Source Coding\Tanbakhsystem\venv\Lib\site-packages\django\template\response.py", line 72, in resolve_template
    return select_template(template, using=self.using)
  File "D:\Design & Source Code\Source Coding\Tanbakhsystem\venv\Lib\site-packages\django\template\loader.py", line 42, in select_template
    return engine.get_template(template_name)
           ~~~~~~~~~~~~~~~~~~~^^^^^^^^^^^^^^^
  File "D:\Design & Source Code\Source Coding\Tanbakhsystem\venv\Lib\site-packages\django\template\backends\django.py", line 79, in get_template
    return Template(self.engine.get_template(template_name), self)
                    ~~~~~~~~~~~~~~~~~~~~~~~~^^^^^^^^^^^^^^^
  File "D:\Design & Source Code\Source Coding\Tanbakhsystem\venv\Lib\site-packages\django\template\engine.py", line 177, in get_template
    template, origin = self.find_template(template_name)
                       ~~~~~~~~~~~~~~~~~~^^^^^^^^^^^^^^^
  File "D:\Design & Source Code\Source Coding\Tanbakhsystem\venv\Lib\site-packages\django\template\engine.py", line 159, in find_template
    template = loader.get_template(name, skip=skip)
  File "D:\Design & Source Code\Source Coding\Tanbakhsystem\venv\Lib\site-packages\django\template\loaders\cached.py", line 57, in get_template
    template = super().get_template(template_name, skip)
  File "D:\Design & Source Code\Source Coding\Tanbakhsystem\venv\Lib\site-packages\django\template\loaders\base.py", line 28, in get_template
    return Template(
        contents,
    ...<2 lines>...
        self.engine,
    )
  File "D:\Design & Source Code\Source Coding\Tanbakhsystem\venv\Lib\site-packages\django\template\base.py", line 154, in __init__
    self.nodelist = self.compile_nodelist()
                    ~~~~~~~~~~~~~~~~~~~~~^^
  File "D:\Design & Source Code\Source Coding\Tanbakhsystem\venv\Lib\site-packages\django\template\base.py", line 196, in compile_nodelist
    nodelist = parser.parse()
  File "D:\Design & Source Code\Source Coding\Tanbakhsystem\venv\Lib\site-packages\django\template\base.py", line 518, in parse
    raise self.error(token, e)
  File "D:\Design & Source Code\Source Coding\Tanbakhsystem\venv\Lib\site-packages\django\template\base.py", line 516, in parse
    compiled_result = compile_func(self, token)
  File "D:\Design & Source Code\Source Coding\Tanbakhsystem\venv\Lib\site-packages\django\template\loader_tags.py", line 295, in do_extends
    nodelist = parser.parse()
  File "D:\Design & Source Code\Source Coding\Tanbakhsystem\venv\Lib\site-packages\django\template\base.py", line 518, in parse
    raise self.error(token, e)
  File "D:\Design & Source Code\Source Coding\Tanbakhsystem\venv\Lib\site-packages\django\template\base.py", line 516, in parse
    compiled_result = compile_func(self, token)
  File "D:\Design & Source Code\Source Coding\Tanbakhsystem\venv\Lib\site-packages\django\template\loader_tags.py", line 234, in do_block
    nodelist = parser.parse(("endblock",))
  File "D:\Design & Source Code\Source Coding\Tanbakhsystem\venv\Lib\site-packages\django\template\base.py", line 512, in parse
    self.invalid_block_tag(token, command, parse_until)
    ~~~~~~~~~~~~~~~~~~~~~~^^^^^^^^^^^^^^^^^^^^^^^^^^^^^
  File "D:\Design & Source Code\Source Coding\Tanbakhsystem\venv\Lib\site-packages\django\template\base.py", line 563, in invalid_block_tag
    raise self.error(
    ...<8 lines>...
    )
django.template.exceptions.TemplateSyntaxError: Invalid block tag on line 93: 'get_final_version', expected 'endblock'. Did you forget to register or load this tag?
ERROR 2025-03-25 22:03:04,237 basehttp "GET /accounts/login/ HTTP/1.1" 500 192740
INFO 2025-03-25 22:03:04,582 basehttp "GET /favicon.ico HTTP/1.1" 302 0
ERROR 2025-03-25 22:03:04,713 log Internal Server Error: /accounts/login/
Traceback (most recent call last):
  File "D:\Design & Source Code\Source Coding\Tanbakhsystem\venv\Lib\site-packages\django\template\base.py", line 510, in parse
    compile_func = self.tags[command]
                   ~~~~~~~~~^^^^^^^^^
KeyError: 'get_final_version'

During handling of the above exception, another exception occurred:

Traceback (most recent call last):
  File "D:\Design & Source Code\Source Coding\Tanbakhsystem\venv\Lib\site-packages\django\core\handlers\exception.py", line 55, in inner
    response = get_response(request)
  File "D:\Design & Source Code\Source Coding\Tanbakhsystem\venv\Lib\site-packages\django\core\handlers\base.py", line 220, in _get_response
    response = response.render()
  File "D:\Design & Source Code\Source Coding\Tanbakhsystem\venv\Lib\site-packages\django\template\response.py", line 114, in render
    self.content = self.rendered_content
                   ^^^^^^^^^^^^^^^^^^^^^
  File "D:\Design & Source Code\Source Coding\Tanbakhsystem\venv\Lib\site-packages\django\template\response.py", line 90, in rendered_content
    template = self.resolve_template(self.template_name)
  File "D:\Design & Source Code\Source Coding\Tanbakhsystem\venv\Lib\site-packages\django\template\response.py", line 72, in resolve_template
    return select_template(template, using=self.using)
  File "D:\Design & Source Code\Source Coding\Tanbakhsystem\venv\Lib\site-packages\django\template\loader.py", line 42, in select_template
    return engine.get_template(template_name)
           ~~~~~~~~~~~~~~~~~~~^^^^^^^^^^^^^^^
  File "D:\Design & Source Code\Source Coding\Tanbakhsystem\venv\Lib\site-packages\django\template\backends\django.py", line 79, in get_template
    return Template(self.engine.get_template(template_name), self)
                    ~~~~~~~~~~~~~~~~~~~~~~~~^^^^^^^^^^^^^^^
  File "D:\Design & Source Code\Source Coding\Tanbakhsystem\venv\Lib\site-packages\django\template\engine.py", line 177, in get_template
    template, origin = self.find_template(template_name)
                       ~~~~~~~~~~~~~~~~~~^^^^^^^^^^^^^^^
  File "D:\Design & Source Code\Source Coding\Tanbakhsystem\venv\Lib\site-packages\django\template\engine.py", line 159, in find_template
    template = loader.get_template(name, skip=skip)
  File "D:\Design & Source Code\Source Coding\Tanbakhsystem\venv\Lib\site-packages\django\template\loaders\cached.py", line 57, in get_template
    template = super().get_template(template_name, skip)
  File "D:\Design & Source Code\Source Coding\Tanbakhsystem\venv\Lib\site-packages\django\template\loaders\base.py", line 28, in get_template
    return Template(
        contents,
    ...<2 lines>...
        self.engine,
    )
  File "D:\Design & Source Code\Source Coding\Tanbakhsystem\venv\Lib\site-packages\django\template\base.py", line 154, in __init__
    self.nodelist = self.compile_nodelist()
                    ~~~~~~~~~~~~~~~~~~~~~^^
  File "D:\Design & Source Code\Source Coding\Tanbakhsystem\venv\Lib\site-packages\django\template\base.py", line 196, in compile_nodelist
    nodelist = parser.parse()
  File "D:\Design & Source Code\Source Coding\Tanbakhsystem\venv\Lib\site-packages\django\template\base.py", line 518, in parse
    raise self.error(token, e)
  File "D:\Design & Source Code\Source Coding\Tanbakhsystem\venv\Lib\site-packages\django\template\base.py", line 516, in parse
    compiled_result = compile_func(self, token)
  File "D:\Design & Source Code\Source Coding\Tanbakhsystem\venv\Lib\site-packages\django\template\loader_tags.py", line 295, in do_extends
    nodelist = parser.parse()
  File "D:\Design & Source Code\Source Coding\Tanbakhsystem\venv\Lib\site-packages\django\template\base.py", line 518, in parse
    raise self.error(token, e)
  File "D:\Design & Source Code\Source Coding\Tanbakhsystem\venv\Lib\site-packages\django\template\base.py", line 516, in parse
    compiled_result = compile_func(self, token)
  File "D:\Design & Source Code\Source Coding\Tanbakhsystem\venv\Lib\site-packages\django\template\loader_tags.py", line 234, in do_block
    nodelist = parser.parse(("endblock",))
  File "D:\Design & Source Code\Source Coding\Tanbakhsystem\venv\Lib\site-packages\django\template\base.py", line 512, in parse
    self.invalid_block_tag(token, command, parse_until)
    ~~~~~~~~~~~~~~~~~~~~~~^^^^^^^^^^^^^^^^^^^^^^^^^^^^^
  File "D:\Design & Source Code\Source Coding\Tanbakhsystem\venv\Lib\site-packages\django\template\base.py", line 563, in invalid_block_tag
    raise self.error(
    ...<8 lines>...
    )
django.template.exceptions.TemplateSyntaxError: Invalid block tag on line 93: 'get_final_version', expected 'endblock'. Did you forget to register or load this tag?
ERROR 2025-03-25 22:03:04,727 basehttp "GET /accounts/login/ HTTP/1.1" 500 192393
INFO 2025-03-25 22:03:18,436 basehttp "GET /accounts/login/ HTTP/1.1" 200 16056
WARNING 2025-03-25 22:03:18,630 basehttp "GET /static/images/logo.png HTTP/1.1" 404 1972
INFO 2025-03-25 22:03:22,760 basehttp "POST /accounts/login/ HTTP/1.1" 302 0
INFO 2025-03-25 22:03:22,897 basehttp "GET / HTTP/1.1" 200 39092
WARNING 2025-03-25 22:03:22,993 basehttp "GET /static/images/logo.png HTTP/1.1" 404 1972
ERROR 2025-03-25 22:03:26,054 log Internal Server Error: /accounts/logout/
Traceback (most recent call last):
  File "D:\Design & Source Code\Source Coding\Tanbakhsystem\venv\Lib\site-packages\django\core\handlers\exception.py", line 55, in inner
    response = get_response(request)
  File "D:\Design & Source Code\Source Coding\Tanbakhsystem\accounts\middleware.py", line 60, in __call__
    auth.logout(request)
    ^^^^
NameError: name 'auth' is not defined
ERROR 2025-03-25 22:03:26,061 basehttp "POST /accounts/logout/ HTTP/1.1" 500 69578
INFO 2025-03-25 22:03:26,323 basehttp "GET /favicon.ico HTTP/1.1" 302 0
INFO 2025-03-25 22:03:26,436 basehttp "GET /accounts/login/ HTTP/1.1" 200 16056
INFO 2025-03-25 22:03:28,806 basehttp "POST /accounts/logout/ HTTP/1.1" 302 0
INFO 2025-03-25 22:03:28,920 basehttp "GET /accounts/login/ HTTP/1.1" 200 16056
WARNING 2025-03-25 22:03:29,005 basehttp "GET /static/images/logo.png HTTP/1.1" 404 1972
INFO 2025-03-25 22:03:31,042 basehttp "GET /accounts/login/ HTTP/1.1" 200 16056
WARNING 2025-03-25 22:03:31,176 basehttp "GET /static/images/logo.png HTTP/1.1" 404 1972
INFO 2025-03-25 22:04:51,420 basehttp "GET /accounts/login/ HTTP/1.1" 200 9080
WARNING 2025-03-25 22:04:51,496 basehttp "GET /static/images/logo.png HTTP/1.1" 404 1972
INFO 2025-03-25 22:04:53,692 basehttp "POST /accounts/login/ HTTP/1.1" 302 0
INFO 2025-03-25 22:04:53,779 basehttp "GET / HTTP/1.1" 200 39092
WARNING 2025-03-25 22:04:53,841 basehttp "GET /static/images/logo.png HTTP/1.1" 404 1972
INFO 2025-03-25 22:06:23,422 autoreload D:\Design & Source Code\Source Coding\Tanbakhsystem\accounts\middleware.py changed, reloading.
INFO 2025-03-25 22:06:25,499 autoreload Watching for file changes with StatReloader
ERROR 2025-03-25 22:06:26,526 log Internal Server Error: /accounts/logout/
Traceback (most recent call last):
  File "D:\Design & Source Code\Source Coding\Tanbakhsystem\venv\Lib\site-packages\django\core\handlers\exception.py", line 55, in inner
    response = get_response(request)
  File "D:\Design & Source Code\Source Coding\Tanbakhsystem\accounts\middleware.py", line 61, in __call__
    auth.logout(request)
    ^^^^
NameError: name 'auth' is not defined
ERROR 2025-03-25 22:06:26,537 basehttp "POST /accounts/logout/ HTTP/1.1" 500 69560
INFO 2025-03-25 22:06:27,246 basehttp "GET /favicon.ico HTTP/1.1" 302 0
INFO 2025-03-25 22:06:27,408 basehttp "GET /accounts/login/ HTTP/1.1" 200 9080
INFO 2025-03-25 22:07:00,218 autoreload D:\Design & Source Code\Source Coding\Tanbakhsystem\accounts\middleware.py changed, reloading.
INFO 2025-03-25 22:07:01,809 autoreload Watching for file changes with StatReloader
INFO 2025-03-25 22:07:03,655 basehttp "POST /accounts/logout/ HTTP/1.1" 302 0
INFO 2025-03-25 22:07:03,796 basehttp "GET /accounts/login/ HTTP/1.1" 200 9080
INFO 2025-03-25 22:07:03,933 basehttp "GET /static/admin/css/custom.css HTTP/1.1" 304 0
WARNING 2025-03-25 22:07:03,948 basehttp "GET /static/images/logo.png HTTP/1.1" 404 1972
INFO 2025-03-25 22:07:05,989 basehttp "POST /accounts/login/ HTTP/1.1" 302 0
INFO 2025-03-25 22:07:06,248 basehttp "GET / HTTP/1.1" 200 16511
WARNING 2025-03-25 22:07:06,367 basehttp "GET /static/images/logo.png HTTP/1.1" 404 1972
INFO 2025-03-25 22:07:16,171 basehttp "POST /accounts/set_theme/ HTTP/1.1" 302 0
INFO 2025-03-25 22:07:16,532 basehttp "GET / HTTP/1.1" 200 16512
WARNING 2025-03-25 22:07:16,615 basehttp "GET /static/images/logo.png HTTP/1.1" 404 1972
INFO 2025-03-25 22:07:20,575 basehttp "POST /accounts/set_theme/ HTTP/1.1" 302 0
INFO 2025-03-25 22:07:20,897 basehttp "GET / HTTP/1.1" 200 16512
WARNING 2025-03-25 22:07:20,992 basehttp "GET /static/images/logo.png HTTP/1.1" 404 1972
INFO 2025-03-25 22:07:23,869 basehttp "GET / HTTP/1.1" 200 16512
WARNING 2025-03-25 22:07:23,951 basehttp "GET /static/images/logo.png HTTP/1.1" 404 1972
INFO 2025-03-25 22:07:26,896 basehttp "POST /accounts/logout/ HTTP/1.1" 302 0
INFO 2025-03-25 22:07:27,027 basehttp "GET /accounts/login/ HTTP/1.1" 200 9080
WARNING 2025-03-25 22:07:27,142 basehttp "GET /static/images/logo.png HTTP/1.1" 404 1972
INFO 2025-03-25 22:08:28,079 basehttp "POST /accounts/heartbeat/ HTTP/1.1" 302 0
INFO 2025-03-25 22:08:28,148 basehttp "GET /accounts/login/ HTTP/1.1" 200 9080
ERROR 2025-03-25 22:08:33,750 log Internal Server Error: /accounts/login/
Traceback (most recent call last):
  File "D:\Design & Source Code\Source Coding\Tanbakhsystem\venv\Lib\site-packages\django\template\base.py", line 510, in parse
    compile_func = self.tags[command]
                   ~~~~~~~~~^^^^^^^^^
KeyError: 'get_final_version'

During handling of the above exception, another exception occurred:

Traceback (most recent call last):
  File "D:\Design & Source Code\Source Coding\Tanbakhsystem\venv\Lib\site-packages\django\core\handlers\exception.py", line 55, in inner
    response = get_response(request)
  File "D:\Design & Source Code\Source Coding\Tanbakhsystem\venv\Lib\site-packages\django\core\handlers\base.py", line 220, in _get_response
    response = response.render()
  File "D:\Design & Source Code\Source Coding\Tanbakhsystem\venv\Lib\site-packages\django\template\response.py", line 114, in render
    self.content = self.rendered_content
                   ^^^^^^^^^^^^^^^^^^^^^
  File "D:\Design & Source Code\Source Coding\Tanbakhsystem\venv\Lib\site-packages\django\template\response.py", line 90, in rendered_content
    template = self.resolve_template(self.template_name)
  File "D:\Design & Source Code\Source Coding\Tanbakhsystem\venv\Lib\site-packages\django\template\response.py", line 72, in resolve_template
    return select_template(template, using=self.using)
  File "D:\Design & Source Code\Source Coding\Tanbakhsystem\venv\Lib\site-packages\django\template\loader.py", line 42, in select_template
    return engine.get_template(template_name)
           ~~~~~~~~~~~~~~~~~~~^^^^^^^^^^^^^^^
  File "D:\Design & Source Code\Source Coding\Tanbakhsystem\venv\Lib\site-packages\django\template\backends\django.py", line 79, in get_template
    return Template(self.engine.get_template(template_name), self)
                    ~~~~~~~~~~~~~~~~~~~~~~~~^^^^^^^^^^^^^^^
  File "D:\Design & Source Code\Source Coding\Tanbakhsystem\venv\Lib\site-packages\django\template\engine.py", line 177, in get_template
    template, origin = self.find_template(template_name)
                       ~~~~~~~~~~~~~~~~~~^^^^^^^^^^^^^^^
  File "D:\Design & Source Code\Source Coding\Tanbakhsystem\venv\Lib\site-packages\django\template\engine.py", line 159, in find_template
    template = loader.get_template(name, skip=skip)
  File "D:\Design & Source Code\Source Coding\Tanbakhsystem\venv\Lib\site-packages\django\template\loaders\cached.py", line 57, in get_template
    template = super().get_template(template_name, skip)
  File "D:\Design & Source Code\Source Coding\Tanbakhsystem\venv\Lib\site-packages\django\template\loaders\base.py", line 28, in get_template
    return Template(
        contents,
    ...<2 lines>...
        self.engine,
    )
  File "D:\Design & Source Code\Source Coding\Tanbakhsystem\venv\Lib\site-packages\django\template\base.py", line 154, in __init__
    self.nodelist = self.compile_nodelist()
                    ~~~~~~~~~~~~~~~~~~~~~^^
  File "D:\Design & Source Code\Source Coding\Tanbakhsystem\venv\Lib\site-packages\django\template\base.py", line 196, in compile_nodelist
    nodelist = parser.parse()
  File "D:\Design & Source Code\Source Coding\Tanbakhsystem\venv\Lib\site-packages\django\template\base.py", line 518, in parse
    raise self.error(token, e)
  File "D:\Design & Source Code\Source Coding\Tanbakhsystem\venv\Lib\site-packages\django\template\base.py", line 516, in parse
    compiled_result = compile_func(self, token)
  File "D:\Design & Source Code\Source Coding\Tanbakhsystem\venv\Lib\site-packages\django\template\loader_tags.py", line 295, in do_extends
    nodelist = parser.parse()
  File "D:\Design & Source Code\Source Coding\Tanbakhsystem\venv\Lib\site-packages\django\template\base.py", line 518, in parse
    raise self.error(token, e)
  File "D:\Design & Source Code\Source Coding\Tanbakhsystem\venv\Lib\site-packages\django\template\base.py", line 516, in parse
    compiled_result = compile_func(self, token)
  File "D:\Design & Source Code\Source Coding\Tanbakhsystem\venv\Lib\site-packages\django\template\loader_tags.py", line 234, in do_block
    nodelist = parser.parse(("endblock",))
  File "D:\Design & Source Code\Source Coding\Tanbakhsystem\venv\Lib\site-packages\django\template\base.py", line 512, in parse
    self.invalid_block_tag(token, command, parse_until)
    ~~~~~~~~~~~~~~~~~~~~~~^^^^^^^^^^^^^^^^^^^^^^^^^^^^^
  File "D:\Design & Source Code\Source Coding\Tanbakhsystem\venv\Lib\site-packages\django\template\base.py", line 563, in invalid_block_tag
    raise self.error(
    ...<8 lines>...
    )
django.template.exceptions.TemplateSyntaxError: Invalid block tag on line 93: 'get_final_version', expected 'endblock'. Did you forget to register or load this tag?
ERROR 2025-03-25 22:08:33,773 basehttp "GET /accounts/login/ HTTP/1.1" 500 195367
INFO 2025-03-25 22:08:34,113 basehttp "GET /favicon.ico HTTP/1.1" 302 0
ERROR 2025-03-25 22:08:34,271 log Internal Server Error: /accounts/login/
Traceback (most recent call last):
  File "D:\Design & Source Code\Source Coding\Tanbakhsystem\venv\Lib\site-packages\django\template\base.py", line 510, in parse
    compile_func = self.tags[command]
                   ~~~~~~~~~^^^^^^^^^
KeyError: 'get_final_version'

During handling of the above exception, another exception occurred:

Traceback (most recent call last):
  File "D:\Design & Source Code\Source Coding\Tanbakhsystem\venv\Lib\site-packages\django\core\handlers\exception.py", line 55, in inner
    response = get_response(request)
  File "D:\Design & Source Code\Source Coding\Tanbakhsystem\venv\Lib\site-packages\django\core\handlers\base.py", line 220, in _get_response
    response = response.render()
  File "D:\Design & Source Code\Source Coding\Tanbakhsystem\venv\Lib\site-packages\django\template\response.py", line 114, in render
    self.content = self.rendered_content
                   ^^^^^^^^^^^^^^^^^^^^^
  File "D:\Design & Source Code\Source Coding\Tanbakhsystem\venv\Lib\site-packages\django\template\response.py", line 90, in rendered_content
    template = self.resolve_template(self.template_name)
  File "D:\Design & Source Code\Source Coding\Tanbakhsystem\venv\Lib\site-packages\django\template\response.py", line 72, in resolve_template
    return select_template(template, using=self.using)
  File "D:\Design & Source Code\Source Coding\Tanbakhsystem\venv\Lib\site-packages\django\template\loader.py", line 42, in select_template
    return engine.get_template(template_name)
           ~~~~~~~~~~~~~~~~~~~^^^^^^^^^^^^^^^
  File "D:\Design & Source Code\Source Coding\Tanbakhsystem\venv\Lib\site-packages\django\template\backends\django.py", line 79, in get_template
    return Template(self.engine.get_template(template_name), self)
                    ~~~~~~~~~~~~~~~~~~~~~~~~^^^^^^^^^^^^^^^
  File "D:\Design & Source Code\Source Coding\Tanbakhsystem\venv\Lib\site-packages\django\template\engine.py", line 177, in get_template
    template, origin = self.find_template(template_name)
                       ~~~~~~~~~~~~~~~~~~^^^^^^^^^^^^^^^
  File "D:\Design & Source Code\Source Coding\Tanbakhsystem\venv\Lib\site-packages\django\template\engine.py", line 159, in find_template
    template = loader.get_template(name, skip=skip)
  File "D:\Design & Source Code\Source Coding\Tanbakhsystem\venv\Lib\site-packages\django\template\loaders\cached.py", line 57, in get_template
    template = super().get_template(template_name, skip)
  File "D:\Design & Source Code\Source Coding\Tanbakhsystem\venv\Lib\site-packages\django\template\loaders\base.py", line 28, in get_template
    return Template(
        contents,
    ...<2 lines>...
        self.engine,
    )
  File "D:\Design & Source Code\Source Coding\Tanbakhsystem\venv\Lib\site-packages\django\template\base.py", line 154, in __init__
    self.nodelist = self.compile_nodelist()
                    ~~~~~~~~~~~~~~~~~~~~~^^
  File "D:\Design & Source Code\Source Coding\Tanbakhsystem\venv\Lib\site-packages\django\template\base.py", line 196, in compile_nodelist
    nodelist = parser.parse()
  File "D:\Design & Source Code\Source Coding\Tanbakhsystem\venv\Lib\site-packages\django\template\base.py", line 518, in parse
    raise self.error(token, e)
  File "D:\Design & Source Code\Source Coding\Tanbakhsystem\venv\Lib\site-packages\django\template\base.py", line 516, in parse
    compiled_result = compile_func(self, token)
  File "D:\Design & Source Code\Source Coding\Tanbakhsystem\venv\Lib\site-packages\django\template\loader_tags.py", line 295, in do_extends
    nodelist = parser.parse()
  File "D:\Design & Source Code\Source Coding\Tanbakhsystem\venv\Lib\site-packages\django\template\base.py", line 518, in parse
    raise self.error(token, e)
  File "D:\Design & Source Code\Source Coding\Tanbakhsystem\venv\Lib\site-packages\django\template\base.py", line 516, in parse
    compiled_result = compile_func(self, token)
  File "D:\Design & Source Code\Source Coding\Tanbakhsystem\venv\Lib\site-packages\django\template\loader_tags.py", line 234, in do_block
    nodelist = parser.parse(("endblock",))
  File "D:\Design & Source Code\Source Coding\Tanbakhsystem\venv\Lib\site-packages\django\template\base.py", line 512, in parse
    self.invalid_block_tag(token, command, parse_until)
    ~~~~~~~~~~~~~~~~~~~~~~^^^^^^^^^^^^^^^^^^^^^^^^^^^^^
  File "D:\Design & Source Code\Source Coding\Tanbakhsystem\venv\Lib\site-packages\django\template\base.py", line 563, in invalid_block_tag
    raise self.error(
    ...<8 lines>...
    )
django.template.exceptions.TemplateSyntaxError: Invalid block tag on line 93: 'get_final_version', expected 'endblock'. Did you forget to register or load this tag?
ERROR 2025-03-25 22:08:34,286 basehttp "GET /accounts/login/ HTTP/1.1" 500 194898
INFO 2025-03-25 22:08:49,378 basehttp "GET /accounts/login/ HTTP/1.1" 200 16272
WARNING 2025-03-25 22:08:49,447 basehttp "GET /static/images/logo.png HTTP/1.1" 404 1972
INFO 2025-03-25 22:08:56,598 basehttp "POST /accounts/login/ HTTP/1.1" 302 0
INFO 2025-03-25 22:08:56,872 basehttp "GET / HTTP/1.1" 200 16512
WARNING 2025-03-25 22:08:56,959 basehttp "GET /static/images/logo.png HTTP/1.1" 404 1972
INFO 2025-03-25 22:09:31,622 basehttp "GET /accounts/login/ HTTP/1.1" 200 17188
INFO 2025-03-25 22:09:33,230 basehttp "GET /accounts/login/ HTTP/1.1" 200 17188
WARNING 2025-03-25 22:09:33,341 basehttp "GET /static/images/logo.png HTTP/1.1" 404 1972
INFO 2025-03-25 22:09:52,613 basehttp "POST /accounts/login/ HTTP/1.1" 302 0
INFO 2025-03-25 22:09:52,696 basehttp "GET /accounts/login/ HTTP/1.1" 200 17893
WARNING 2025-03-25 22:09:52,758 basehttp "GET /static/images/logo.png HTTP/1.1" 404 1972
INFO 2025-03-25 22:09:58,829 basehttp "POST /accounts/login/ HTTP/1.1" 302 0
INFO 2025-03-25 22:09:59,000 basehttp "GET /accounts/login/ HTTP/1.1" 200 17893
WARNING 2025-03-25 22:09:59,097 basehttp "GET /static/images/logo.png HTTP/1.1" 404 1972
INFO 2025-03-25 22:11:00,141 basehttp "POST /accounts/heartbeat/ HTTP/1.1" 200 2
INFO 2025-03-25 22:11:06,815 basehttp "GET /version_tracker/ HTTP/1.1" 200 15848
INFO 2025-03-25 22:11:06,987 basehttp "GET /static/admin/css/custom.css HTTP/1.1" 304 0
WARNING 2025-03-25 22:11:07,003 basehttp "GET /static/images/logo.png HTTP/1.1" 404 1972
INFO 2025-03-25 22:11:10,025 basehttp "GET /version_tracker/version_list HTTP/1.1" 200 42070
WARNING 2025-03-25 22:11:10,218 basehttp "GET /static/images/logo.png HTTP/1.1" 404 1972
INFO 2025-03-25 22:11:14,661 basehttp "GET /version_tracker/version_index HTTP/1.1" 200 21123
WARNING 2025-03-25 22:11:14,782 basehttp "GET /static/images/logo.png HTTP/1.1" 404 1972
INFO 2025-03-25 22:11:18,237 basehttp "POST /version_tracker/update-versions/ HTTP/1.1" 200 22655
WARNING 2025-03-25 22:11:18,370 basehttp "GET /static/images/logo.png HTTP/1.1" 404 1972
INFO 2025-03-25 22:11:23,341 basehttp "GET / HTTP/1.1" 200 39091
WARNING 2025-03-25 22:11:23,455 basehttp "GET /static/images/logo.png HTTP/1.1" 404 1972
INFO 2025-03-25 22:11:26,206 basehttp "GET /core/all_links/ HTTP/1.1" 200 13690
WARNING 2025-03-25 22:11:26,377 basehttp "GET /static/images/logo.png HTTP/1.1" 404 1972
INFO 2025-03-25 22:11:27,669 basehttp "GET /accounts/admin_dashboard/ HTTP/1.1" 200 18282
WARNING 2025-03-25 22:11:27,794 basehttp "GET /static/images/logo.png HTTP/1.1" 404 1972
INFO 2025-03-25 22:11:33,915 basehttp "GET /accounts/audit-logs/ HTTP/1.1" 200 83482
WARNING 2025-03-25 22:11:34,062 basehttp "GET /static/images/logo.png HTTP/1.1" 404 1972
INFO 2025-03-25 22:11:37,911 basehttp "GET /accounts/timelock-list/ HTTP/1.1" 200 31426
WARNING 2025-03-25 22:11:38,033 basehttp "GET /static/images/logo.png HTTP/1.1" 404 1972
INFO 2025-03-25 22:11:44,567 basehttp "GET /accounts/active-users/ HTTP/1.1" 200 10712
WARNING 2025-03-25 22:11:44,723 basehttp "GET /static/images/logo.png HTTP/1.1" 404 1972
WARNING 2025-03-25 22:11:44,730 basehttp "GET /static/admin/css/accountsStyle.css HTTP/1.1" 404 2008
INFO 2025-03-25 22:12:00,138 basehttp "POST /accounts/heartbeat/ HTTP/1.1" 200 2
INFO 2025-03-25 22:12:26,401 autoreload D:\Design & Source Code\Source Coding\Tanbakhsystem\Tanbakhsystem\settings.py changed, reloading.
INFO 2025-03-25 22:12:28,005 autoreload Watching for file changes with StatReloader
INFO 2025-03-25 22:12:29,222 basehttp "POST /accounts/login/ HTTP/1.1" 302 0
INFO 2025-03-25 22:12:29,390 basehttp "GET /accounts/login/ HTTP/1.1" 200 17892
INFO 2025-03-25 22:12:29,567 basehttp "GET /static/admin/css/custom.css HTTP/1.1" 304 0
WARNING 2025-03-25 22:12:29,593 basehttp "GET /static/images/logo.png HTTP/1.1" 404 1972
INFO 2025-03-25 22:12:35,029 basehttp "POST /accounts/login/ HTTP/1.1" 302 0
INFO 2025-03-25 22:12:35,175 basehttp "GET /accounts/login/ HTTP/1.1" 200 17892
WARNING 2025-03-25 22:12:35,274 basehttp "GET /static/images/logo.png HTTP/1.1" 404 1972
INFO 2025-03-25 22:13:36,131 basehttp "POST /accounts/heartbeat/ HTTP/1.1" 200 2
INFO 2025-03-25 22:13:48,190 autoreload D:\Design & Source Code\Source Coding\Tanbakhsystem\accounts\models.py changed, reloading.
INFO 2025-03-25 22:13:50,372 autoreload Watching for file changes with StatReloader
INFO 2025-03-25 22:13:51,899 basehttp "POST /accounts/login/ HTTP/1.1" 302 0
INFO 2025-03-25 22:13:52,044 basehttp "GET /accounts/login/ HTTP/1.1" 200 17892
WARNING 2025-03-25 22:13:52,142 basehttp "GET /static/images/logo.png HTTP/1.1" 404 1972
INFO 2025-03-25 22:13:55,965 basehttp "GET /accounts/login/ HTTP/1.1" 200 17187
WARNING 2025-03-25 22:13:56,042 basehttp "GET /static/images/logo.png HTTP/1.1" 404 1972
INFO 2025-03-25 22:14:01,466 basehttp "POST /accounts/login/ HTTP/1.1" 302 0
INFO 2025-03-25 22:14:01,611 basehttp "GET /accounts/login/ HTTP/1.1" 200 17892
WARNING 2025-03-25 22:14:01,700 basehttp "GET /static/images/logo.png HTTP/1.1" 404 1972
INFO 2025-03-25 22:14:10,894 autoreload Watching for file changes with StatReloader
INFO 2025-03-25 22:14:14,260 basehttp "POST /accounts/login/ HTTP/1.1" 302 0
INFO 2025-03-25 22:14:14,396 basehttp "GET /accounts/login/ HTTP/1.1" 200 17892
WARNING 2025-03-25 22:14:14,486 basehttp "GET /static/images/logo.png HTTP/1.1" 404 1972
INFO 2025-03-25 22:14:23,119 autoreload Watching for file changes with StatReloader
INFO 2025-03-25 22:15:15,237 basehttp "POST /accounts/heartbeat/ HTTP/1.1" 200 2
INFO 2025-03-25 22:15:23,790 basehttp "GET /accounts/set_time_lock/ HTTP/1.1" 200 31677
WARNING 2025-03-25 22:15:23,958 basehttp "GET /static/images/logo.png HTTP/1.1" 404 1972
INFO 2025-03-25 22:16:15,131 basehttp "POST /accounts/heartbeat/ HTTP/1.1" 200 2
INFO 2025-03-25 22:17:15,126 basehttp "POST /accounts/heartbeat/ HTTP/1.1" 200 2
INFO 2025-03-25 22:18:15,106 basehttp "POST /accounts/heartbeat/ HTTP/1.1" 200 2
INFO 2025-03-25 22:20:13,136 basehttp "POST /accounts/heartbeat/ HTTP/1.1" 200 2
INFO 2025-03-25 22:22:13,127 basehttp "POST /accounts/heartbeat/ HTTP/1.1" 200 2
INFO 2025-03-25 22:22:42,562 autoreload D:\Design & Source Code\Source Coding\Tanbakhsystem\accounts\models.py changed, reloading.
INFO 2025-03-25 22:22:44,217 autoreload Watching for file changes with StatReloader
INFO 2025-03-25 22:23:02,745 autoreload D:\Design & Source Code\Source Coding\Tanbakhsystem\accounts\models.py changed, reloading.
INFO 2025-03-25 22:23:04,479 autoreload Watching for file changes with StatReloader
INFO 2025-03-25 22:23:24,800 autoreload D:\Design & Source Code\Source Coding\Tanbakhsystem\accounts\models.py changed, reloading.
INFO 2025-03-25 22:23:26,404 autoreload Watching for file changes with StatReloader
INFO 2025-03-25 22:25:32,898 autoreload D:\Design & Source Code\Source Coding\Tanbakhsystem\accounts\models.py changed, reloading.
INFO 2025-03-25 22:25:34,740 autoreload Watching for file changes with StatReloader
INFO 2025-03-25 22:26:05,807 autoreload D:\Design & Source Code\Source Coding\Tanbakhsystem\accounts\models.py changed, reloading.
INFO 2025-03-25 22:26:07,058 autoreload Watching for file changes with StatReloader
INFO 2025-03-25 22:26:24,875 autoreload D:\Design & Source Code\Source Coding\Tanbakhsystem\accounts\models.py changed, reloading.
INFO 2025-03-25 22:26:26,190 autoreload Watching for file changes with StatReloader
INFO 2025-03-25 22:27:04,888 autoreload D:\Design & Source Code\Source Coding\Tanbakhsystem\accounts\models.py changed, reloading.
INFO 2025-03-25 22:27:06,690 autoreload Watching for file changes with StatReloader
INFO 2025-03-25 22:27:14,685 basehttp "POST /accounts/heartbeat/ HTTP/1.1" 200 2
INFO 2025-03-25 22:27:14,999 basehttp "GET /accounts/login/ HTTP/1.1" 200 17187
INFO 2025-03-25 22:27:15,132 basehttp "GET /static/admin/css/custom.css HTTP/1.1" 304 0
WARNING 2025-03-25 22:27:15,179 basehttp "GET /static/images/logo.png HTTP/1.1" 404 1972
ERROR 2025-03-25 22:27:17,563 log Internal Server Error: /accounts/login/
Traceback (most recent call last):
  File "D:\Design & Source Code\Source Coding\Tanbakhsystem\venv\Lib\site-packages\django\core\handlers\exception.py", line 55, in inner
    response = get_response(request)
  File "D:\Design & Source Code\Source Coding\Tanbakhsystem\accounts\middleware.py", line 42, in __call__
    if not ActiveUser.can_login(session_key):
           ~~~~~~~~~~~~~~~~~~~~^^^^^^^^^^^^^
  File "D:\Design & Source Code\Source Coding\Tanbakhsystem\accounts\models.py", line 418, in can_login
    max_users = cls.get_max_active_users()
  File "D:\Design & Source Code\Source Coding\Tanbakhsystem\accounts\models.py", line 429, in get_max_active_users
    expiry_date, max_users, _, _ = TimeLockModel.get_latest_lock()
                                   ^^^^^^^^^^^^^
NameError: name 'TimeLockModel' is not defined
ERROR 2025-03-25 22:27:17,597 basehttp "POST /accounts/login/ HTTP/1.1" 500 78134
INFO 2025-03-25 22:27:18,031 basehttp "GET /favicon.ico HTTP/1.1" 302 0
INFO 2025-03-25 22:27:33,887 autoreload D:\Design & Source Code\Source Coding\Tanbakhsystem\accounts\models.py changed, reloading.
INFO 2025-03-25 22:27:36,009 autoreload Watching for file changes with StatReloader
INFO 2025-03-25 22:27:36,342 basehttp "POST /accounts/login/ HTTP/1.1" 302 0
INFO 2025-03-25 22:27:36,424 basehttp "GET /accounts/login/ HTTP/1.1" 200 17892
WARNING 2025-03-25 22:27:36,469 basehttp "GET /static/images/logo.png HTTP/1.1" 404 1972
INFO 2025-03-25 22:27:38,690 basehttp "POST /accounts/login/ HTTP/1.1" 302 0
INFO 2025-03-25 22:27:38,858 basehttp "GET /accounts/login/ HTTP/1.1" 200 17892
WARNING 2025-03-25 22:27:38,944 basehttp "GET /static/images/logo.png HTTP/1.1" 404 1972
INFO 2025-03-25 22:27:44,530 autoreload D:\Design & Source Code\Source Coding\Tanbakhsystem\accounts\models.py changed, reloading.
INFO 2025-03-25 22:27:47,265 autoreload Watching for file changes with StatReloader
INFO 2025-03-25 22:27:53,285 basehttp "POST /accounts/login/ HTTP/1.1" 302 0
INFO 2025-03-25 22:27:53,449 basehttp "GET /accounts/login/ HTTP/1.1" 200 17892
WARNING 2025-03-25 22:27:53,574 basehttp "GET /static/images/logo.png HTTP/1.1" 404 1972
INFO 2025-03-25 22:27:55,663 basehttp "POST /accounts/login/ HTTP/1.1" 302 0
INFO 2025-03-25 22:27:55,846 basehttp "GET /accounts/login/ HTTP/1.1" 200 17892
WARNING 2025-03-25 22:27:55,963 basehttp "GET /static/images/logo.png HTTP/1.1" 404 1972
INFO 2025-03-25 22:28:00,656 basehttp "POST /accounts/login/ HTTP/1.1" 302 0
INFO 2025-03-25 22:28:00,754 basehttp "GET /accounts/login/ HTTP/1.1" 200 17892
WARNING 2025-03-25 22:28:00,820 basehttp "GET /static/images/logo.png HTTP/1.1" 404 1972
INFO 2025-03-25 22:29:01,154 basehttp "POST /accounts/heartbeat/ HTTP/1.1" 200 2
INFO 2025-03-25 22:30:01,110 basehttp "POST /accounts/heartbeat/ HTTP/1.1" 200 2
INFO 2025-03-25 22:31:01,133 basehttp "POST /accounts/heartbeat/ HTTP/1.1" 200 2
INFO 2025-03-25 22:32:01,122 basehttp "POST /accounts/heartbeat/ HTTP/1.1" 200 2
INFO 2025-03-25 22:33:13,141 basehttp "POST /accounts/heartbeat/ HTTP/1.1" 200 2
INFO 2025-03-25 22:33:41,567 autoreload D:\Design & Source Code\Source Coding\Tanbakhsystem\accounts\models.py changed, reloading.
INFO 2025-03-25 22:33:44,019 autoreload Watching for file changes with StatReloader
INFO 2025-03-25 22:34:13,283 basehttp "POST /accounts/heartbeat/ HTTP/1.1" 200 2
INFO 2025-03-25 22:35:02,795 autoreload D:\Design & Source Code\Source Coding\Tanbakhsystem\accounts\models.py changed, reloading.
INFO 2025-03-25 22:35:05,245 autoreload Watching for file changes with StatReloader
INFO 2025-03-25 22:35:13,402 basehttp "POST /accounts/heartbeat/ HTTP/1.1" 200 2
INFO 2025-03-25 22:35:25,514 autoreload D:\Design & Source Code\Source Coding\Tanbakhsystem\accounts\models.py changed, reloading.
INFO 2025-03-25 22:35:26,816 autoreload Watching for file changes with StatReloader
INFO 2025-03-25 22:35:37,440 autoreload D:\Design & Source Code\Source Coding\Tanbakhsystem\accounts\models.py changed, reloading.
INFO 2025-03-25 22:35:39,198 autoreload Watching for file changes with StatReloader
INFO 2025-03-25 22:36:13,215 basehttp "POST /accounts/heartbeat/ HTTP/1.1" 200 2
INFO 2025-03-25 22:36:32,171 autoreload D:\Design & Source Code\Source Coding\Tanbakhsystem\accounts\middleware.py changed, reloading.
INFO 2025-03-25 22:36:34,052 autoreload Watching for file changes with StatReloader
INFO 2025-03-25 22:37:07,650 autoreload D:\Design & Source Code\Source Coding\Tanbakhsystem\accounts\middleware.py changed, reloading.
INFO 2025-03-25 22:37:09,093 autoreload Watching for file changes with StatReloader
INFO 2025-03-25 22:37:09,975 basehttp "GET /accounts/login/ HTTP/1.1" 200 17187
INFO 2025-03-25 22:37:10,124 basehttp "GET /static/admin/css/custom.css HTTP/1.1" 304 0
WARNING 2025-03-25 22:37:10,162 basehttp "GET /static/images/logo.png HTTP/1.1" 404 1972
INFO 2025-03-25 22:37:12,957 basehttp "POST /accounts/login/ HTTP/1.1" 302 0
INFO 2025-03-25 22:37:13,198 basehttp "GET / HTTP/1.1" 200 16511
WARNING 2025-03-25 22:37:13,316 basehttp "GET /static/images/logo.png HTTP/1.1" 404 1972
INFO 2025-03-25 22:37:17,793 basehttp "POST /accounts/logout/ HTTP/1.1" 302 0
INFO 2025-03-25 22:37:17,933 basehttp "GET /accounts/login/ HTTP/1.1" 200 15890
WARNING 2025-03-25 22:37:18,049 basehttp "GET /static/images/logo.png HTTP/1.1" 404 1972
INFO 2025-03-25 22:37:42,043 basehttp "GET /accounts/login/ HTTP/1.1" 200 17178
INFO 2025-03-25 22:37:44,028 basehttp "GET /accounts/login/ HTTP/1.1" 200 17178
INFO 2025-03-25 22:37:44,171 basehttp "GET /static/admin/css/custom.css HTTP/1.1" 304 0
WARNING 2025-03-25 22:37:44,190 basehttp "GET /static/images/logo.png HTTP/1.1" 404 1972
INFO 2025-03-25 22:37:48,329 basehttp "POST /accounts/login/ HTTP/1.1" 302 0
INFO 2025-03-25 22:37:48,509 basehttp "GET / HTTP/1.1" 200 39091
WARNING 2025-03-25 22:37:48,615 basehttp "GET /static/images/logo.png HTTP/1.1" 404 1972
INFO 2025-03-25 22:37:56,076 basehttp "POST /accounts/logout/ HTTP/1.1" 302 0
INFO 2025-03-25 22:37:56,178 basehttp "GET /accounts/login/ HTTP/1.1" 200 15890
WARNING 2025-03-25 22:37:56,332 basehttp "GET /static/images/logo.png HTTP/1.1" 404 1972
INFO 2025-03-25 22:38:04,932 basehttp "POST /accounts/login/ HTTP/1.1" 302 0
INFO 2025-03-25 22:38:05,239 basehttp "GET / HTTP/1.1" 200 16511
WARNING 2025-03-25 22:38:05,359 basehttp "GET /static/images/logo.png HTTP/1.1" 404 1972
INFO 2025-03-25 22:38:11,708 basehttp "POST /accounts/login/ HTTP/1.1" 302 0
ERROR 2025-03-25 22:38:11,953 log Internal Server Error: /
Traceback (most recent call last):
  File "D:\Design & Source Code\Source Coding\Tanbakhsystem\venv\Lib\site-packages\django\core\handlers\exception.py", line 55, in inner
    response = get_response(request)
  File "D:\Design & Source Code\Source Coding\Tanbakhsystem\accounts\middleware.py", line 69, in __call__
    active_user = ActiveUser.objects.get(user=request.user)
  File "D:\Design & Source Code\Source Coding\Tanbakhsystem\venv\Lib\site-packages\django\db\models\manager.py", line 87, in manager_method
    return getattr(self.get_queryset(), name)(*args, **kwargs)
           ~~~~~~~~~~~~~~~~~~~~~~~~~~~~~~~~~~^^^^^^^^^^^^^^^^^
  File "D:\Design & Source Code\Source Coding\Tanbakhsystem\venv\Lib\site-packages\django\db\models\query.py", line 652, in get
    raise self.model.MultipleObjectsReturned(
    ...<5 lines>...
    )
accounts.models.ActiveUser.MultipleObjectsReturned: get() returned more than one ActiveUser -- it returned 2!
ERROR 2025-03-25 22:38:11,965 basehttp "GET / HTTP/1.1" 500 78497
ERROR 2025-03-25 22:38:12,686 log Internal Server Error: /favicon.ico
Traceback (most recent call last):
  File "D:\Design & Source Code\Source Coding\Tanbakhsystem\venv\Lib\site-packages\django\core\handlers\exception.py", line 55, in inner
    response = get_response(request)
  File "D:\Design & Source Code\Source Coding\Tanbakhsystem\accounts\middleware.py", line 69, in __call__
    active_user = ActiveUser.objects.get(user=request.user)
  File "D:\Design & Source Code\Source Coding\Tanbakhsystem\venv\Lib\site-packages\django\db\models\manager.py", line 87, in manager_method
    return getattr(self.get_queryset(), name)(*args, **kwargs)
           ~~~~~~~~~~~~~~~~~~~~~~~~~~~~~~~~~~^^^^^^^^^^^^^^^^^
  File "D:\Design & Source Code\Source Coding\Tanbakhsystem\venv\Lib\site-packages\django\db\models\query.py", line 652, in get
    raise self.model.MultipleObjectsReturned(
    ...<5 lines>...
    )
accounts.models.ActiveUser.MultipleObjectsReturned: get() returned more than one ActiveUser -- it returned 2!
ERROR 2025-03-25 22:38:12,700 basehttp "GET /favicon.ico HTTP/1.1" 500 78102
INFO 2025-03-25 22:39:22,858 autoreload D:\Design & Source Code\Source Coding\Tanbakhsystem\accounts\models.py changed, reloading.
INFO 2025-03-25 22:39:25,059 autoreload Watching for file changes with StatReloader
INFO 2025-03-25 22:42:06,032 autoreload Watching for file changes with StatReloader
ERROR 2025-03-25 22:42:35,880 log Internal Server Error: /
Traceback (most recent call last):
  File "D:\Design & Source Code\Source Coding\Tanbakhsystem\venv\Lib\site-packages\django\core\handlers\exception.py", line 55, in inner
    response = get_response(request)
  File "D:\Design & Source Code\Source Coding\Tanbakhsystem\accounts\middleware.py", line 69, in __call__
    active_user = ActiveUser.objects.get(user=request.user)
  File "D:\Design & Source Code\Source Coding\Tanbakhsystem\venv\Lib\site-packages\django\db\models\manager.py", line 87, in manager_method
    return getattr(self.get_queryset(), name)(*args, **kwargs)
           ~~~~~~~~~~~~~~~~~~~~~~~~~~~~~~~~~~^^^^^^^^^^^^^^^^^
  File "D:\Design & Source Code\Source Coding\Tanbakhsystem\venv\Lib\site-packages\django\db\models\query.py", line 652, in get
    raise self.model.MultipleObjectsReturned(
    ...<5 lines>...
    )
accounts.models.ActiveUser.MultipleObjectsReturned: get() returned more than one ActiveUser -- it returned 2!
ERROR 2025-03-25 22:42:35,893 basehttp "GET / HTTP/1.1" 500 78497
ERROR 2025-03-25 22:42:36,193 log Internal Server Error: /favicon.ico
Traceback (most recent call last):
  File "D:\Design & Source Code\Source Coding\Tanbakhsystem\venv\Lib\site-packages\django\core\handlers\exception.py", line 55, in inner
    response = get_response(request)
  File "D:\Design & Source Code\Source Coding\Tanbakhsystem\accounts\middleware.py", line 69, in __call__
    active_user = ActiveUser.objects.get(user=request.user)
  File "D:\Design & Source Code\Source Coding\Tanbakhsystem\venv\Lib\site-packages\django\db\models\manager.py", line 87, in manager_method
    return getattr(self.get_queryset(), name)(*args, **kwargs)
           ~~~~~~~~~~~~~~~~~~~~~~~~~~~~~~~~~~^^^^^^^^^^^^^^^^^
  File "D:\Design & Source Code\Source Coding\Tanbakhsystem\venv\Lib\site-packages\django\db\models\query.py", line 652, in get
    raise self.model.MultipleObjectsReturned(
    ...<5 lines>...
    )
accounts.models.ActiveUser.MultipleObjectsReturned: get() returned more than one ActiveUser -- it returned 2!
ERROR 2025-03-25 22:42:36,199 basehttp "GET /favicon.ico HTTP/1.1" 500 78102
ERROR 2025-03-25 22:44:55,894 log Internal Server Error: /accounts/admin_dashboard/
Traceback (most recent call last):
  File "D:\Design & Source Code\Source Coding\Tanbakhsystem\venv\Lib\site-packages\django\core\handlers\exception.py", line 55, in inner
    response = get_response(request)
  File "D:\Design & Source Code\Source Coding\Tanbakhsystem\accounts\middleware.py", line 69, in __call__
    active_user = ActiveUser.objects.get(user=request.user)
  File "D:\Design & Source Code\Source Coding\Tanbakhsystem\venv\Lib\site-packages\django\db\models\manager.py", line 87, in manager_method
    return getattr(self.get_queryset(), name)(*args, **kwargs)
           ~~~~~~~~~~~~~~~~~~~~~~~~~~~~~~~~~~^^^^^^^^^^^^^^^^^
  File "D:\Design & Source Code\Source Coding\Tanbakhsystem\venv\Lib\site-packages\django\db\models\query.py", line 652, in get
    raise self.model.MultipleObjectsReturned(
    ...<5 lines>...
    )
accounts.models.ActiveUser.MultipleObjectsReturned: get() returned more than one ActiveUser -- it returned 2!
ERROR 2025-03-25 22:44:55,902 basehttp "GET /accounts/admin_dashboard/ HTTP/1.1" 500 78467
ERROR 2025-03-25 22:44:56,239 log Internal Server Error: /favicon.ico
Traceback (most recent call last):
  File "D:\Design & Source Code\Source Coding\Tanbakhsystem\venv\Lib\site-packages\django\core\handlers\exception.py", line 55, in inner
    response = get_response(request)
  File "D:\Design & Source Code\Source Coding\Tanbakhsystem\accounts\middleware.py", line 69, in __call__
    active_user = ActiveUser.objects.get(user=request.user)
  File "D:\Design & Source Code\Source Coding\Tanbakhsystem\venv\Lib\site-packages\django\db\models\manager.py", line 87, in manager_method
    return getattr(self.get_queryset(), name)(*args, **kwargs)
           ~~~~~~~~~~~~~~~~~~~~~~~~~~~~~~~~~~^^^^^^^^^^^^^^^^^
  File "D:\Design & Source Code\Source Coding\Tanbakhsystem\venv\Lib\site-packages\django\db\models\query.py", line 652, in get
    raise self.model.MultipleObjectsReturned(
    ...<5 lines>...
    )
accounts.models.ActiveUser.MultipleObjectsReturned: get() returned more than one ActiveUser -- it returned 2!
ERROR 2025-03-25 22:44:56,247 basehttp "GET /favicon.ico HTTP/1.1" 500 78281
ERROR 2025-03-25 22:44:58,912 log Internal Server Error: /core/all_links/
Traceback (most recent call last):
  File "D:\Design & Source Code\Source Coding\Tanbakhsystem\venv\Lib\site-packages\django\core\handlers\exception.py", line 55, in inner
    response = get_response(request)
  File "D:\Design & Source Code\Source Coding\Tanbakhsystem\accounts\middleware.py", line 69, in __call__
    active_user = ActiveUser.objects.get(user=request.user)
  File "D:\Design & Source Code\Source Coding\Tanbakhsystem\venv\Lib\site-packages\django\db\models\manager.py", line 87, in manager_method
    return getattr(self.get_queryset(), name)(*args, **kwargs)
           ~~~~~~~~~~~~~~~~~~~~~~~~~~~~~~~~~~^^^^^^^^^^^^^^^^^
  File "D:\Design & Source Code\Source Coding\Tanbakhsystem\venv\Lib\site-packages\django\db\models\query.py", line 652, in get
    raise self.model.MultipleObjectsReturned(
    ...<5 lines>...
    )
accounts.models.ActiveUser.MultipleObjectsReturned: get() returned more than one ActiveUser -- it returned 2!
ERROR 2025-03-25 22:44:58,919 basehttp "GET /core/all_links/ HTTP/1.1" 500 78356
ERROR 2025-03-25 22:44:59,172 log Internal Server Error: /favicon.ico
Traceback (most recent call last):
  File "D:\Design & Source Code\Source Coding\Tanbakhsystem\venv\Lib\site-packages\django\core\handlers\exception.py", line 55, in inner
    response = get_response(request)
  File "D:\Design & Source Code\Source Coding\Tanbakhsystem\accounts\middleware.py", line 69, in __call__
    active_user = ActiveUser.objects.get(user=request.user)
  File "D:\Design & Source Code\Source Coding\Tanbakhsystem\venv\Lib\site-packages\django\db\models\manager.py", line 87, in manager_method
    return getattr(self.get_queryset(), name)(*args, **kwargs)
           ~~~~~~~~~~~~~~~~~~~~~~~~~~~~~~~~~~^^^^^^^^^^^^^^^^^
  File "D:\Design & Source Code\Source Coding\Tanbakhsystem\venv\Lib\site-packages\django\db\models\query.py", line 652, in get
    raise self.model.MultipleObjectsReturned(
    ...<5 lines>...
    )
accounts.models.ActiveUser.MultipleObjectsReturned: get() returned more than one ActiveUser -- it returned 2!
ERROR 2025-03-25 22:44:59,177 basehttp "GET /favicon.ico HTTP/1.1" 500 78271
WARNING 2025-03-25 22:44:59,872 basehttp "GET /static/images/logo.png HTTP/1.1" 404 1972
INFO 2025-03-25 22:45:06,236 basehttp "POST /accounts/logout/ HTTP/1.1" 302 0
INFO 2025-03-25 22:45:06,408 basehttp "GET /accounts/login/ HTTP/1.1" 200 15891
WARNING 2025-03-25 22:45:06,585 basehttp "GET /static/images/logo.png HTTP/1.1" 404 1972
INFO 2025-03-25 22:45:09,945 basehttp "POST /accounts/login/ HTTP/1.1" 302 0
INFO 2025-03-25 22:45:10,138 basehttp "GET / HTTP/1.1" 200 39092
WARNING 2025-03-25 22:45:10,260 basehttp "GET /static/images/logo.png HTTP/1.1" 404 1972
INFO 2025-03-25 22:45:13,413 basehttp "GET /version_tracker/ HTTP/1.1" 200 15848
WARNING 2025-03-25 22:45:13,557 basehttp "GET /static/images/logo.png HTTP/1.1" 404 1972
INFO 2025-03-25 22:45:16,437 basehttp "GET /core/all_links/ HTTP/1.1" 200 13690
WARNING 2025-03-25 22:45:16,635 basehttp "GET /static/images/logo.png HTTP/1.1" 404 1972
INFO 2025-03-25 22:45:18,019 basehttp "GET /accounts/admin_dashboard/ HTTP/1.1" 200 18282
WARNING 2025-03-25 22:45:18,122 basehttp "GET /static/images/logo.png HTTP/1.1" 404 1972
ERROR 2025-03-25 22:45:21,425 log Internal Server Error: /accounts/active-users/
Traceback (most recent call last):
  File "D:\Design & Source Code\Source Coding\Tanbakhsystem\venv\Lib\site-packages\django\core\handlers\exception.py", line 55, in inner
    response = get_response(request)
  File "D:\Design & Source Code\Source Coding\Tanbakhsystem\venv\Lib\site-packages\django\core\handlers\base.py", line 197, in _get_response
    response = wrapped_callback(request, *callback_args, **callback_kwargs)
  File "D:\Design & Source Code\Source Coding\Tanbakhsystem\venv\Lib\site-packages\django\views\generic\base.py", line 104, in view
    return self.dispatch(request, *args, **kwargs)
           ~~~~~~~~~~~~~^^^^^^^^^^^^^^^^^^^^^^^^^^
  File "D:\Design & Source Code\Source Coding\Tanbakhsystem\venv\Lib\site-packages\django\utils\decorators.py", line 48, in _wrapper
    return bound_method(*args, **kwargs)
  File "D:\Design & Source Code\Source Coding\Tanbakhsystem\venv\Lib\site-packages\django\contrib\auth\decorators.py", line 60, in _view_wrapper
    return view_func(request, *args, **kwargs)
  File "D:\Design & Source Code\Source Coding\Tanbakhsystem\accounts\has_role_permission.py", line 14, in _wrapped_view
    return view_func(request, *args, **kwargs)
  File "D:\Design & Source Code\Source Coding\Tanbakhsystem\venv\Lib\site-packages\django\contrib\auth\mixins.py", line 135, in dispatch
    return super().dispatch(request, *args, **kwargs)
           ~~~~~~~~~~~~~~~~^^^^^^^^^^^^^^^^^^^^^^^^^^
  File "D:\Design & Source Code\Source Coding\Tanbakhsystem\venv\Lib\site-packages\django\views\generic\base.py", line 143, in dispatch
    return handler(request, *args, **kwargs)
  File "D:\Design & Source Code\Source Coding\Tanbakhsystem\venv\Lib\site-packages\django\views\generic\list.py", line 174, in get
    context = self.get_context_data()
  File "D:\Design & Source Code\Source Coding\Tanbakhsystem\accounts\views.py", line 937, in get_context_data
    context['max_active_users'] = ActiveUser.MAX_ACTIVE_USERS
                                  ^^^^^^^^^^^^^^^^^^^^^^^^^^^
AttributeError: type object 'ActiveUser' has no attribute 'MAX_ACTIVE_USERS'
ERROR 2025-03-25 22:45:21,440 basehttp "GET /accounts/active-users/ HTTP/1.1" 500 107997
INFO 2025-03-25 22:45:21,735 basehttp "GET /favicon.ico HTTP/1.1" 302 0
INFO 2025-03-25 22:48:19,333 autoreload Watching for file changes with StatReloader
INFO 2025-03-25 22:48:26,680 basehttp "GET /tanbakh/financialDashboardView/ HTTP/1.1" 200 21505
INFO 2025-03-25 22:48:26,907 basehttp "GET /static/admin/css/custom.css HTTP/1.1" 304 0
INFO 2025-03-25 22:48:26,912 basehttp "GET /static/admin/js/chart.js HTTP/1.1" 304 0
WARNING 2025-03-25 22:48:26,946 basehttp "GET /static/images/logo.png HTTP/1.1" 404 1972
INFO 2025-03-25 22:48:45,992 basehttp "GET / HTTP/1.1" 200 16512
INFO 2025-03-25 22:48:46,083 basehttp "GET /static/admin/css/custom.css HTTP/1.1" 304 0
WARNING 2025-03-25 22:48:46,123 basehttp "GET /static/images/logo.png HTTP/1.1" 404 1972
INFO 2025-03-25 22:48:55,099 basehttp "POST /accounts/logout/ HTTP/1.1" 302 0
INFO 2025-03-25 22:48:55,240 basehttp "GET /accounts/login/ HTTP/1.1" 200 15891
WARNING 2025-03-25 22:48:55,407 basehttp "GET /static/images/logo.png HTTP/1.1" 404 1972
INFO 2025-03-25 22:48:58,821 basehttp "POST /accounts/login/ HTTP/1.1" 302 0
INFO 2025-03-25 22:48:59,177 basehttp "GET / HTTP/1.1" 200 16512
WARNING 2025-03-25 22:48:59,330 basehttp "GET /static/images/logo.png HTTP/1.1" 404 1972
INFO 2025-03-25 22:49:02,051 basehttp "GET /tanbakh/financialDashboardView/ HTTP/1.1" 200 21505
WARNING 2025-03-25 22:49:02,219 basehttp "GET /static/images/logo.png HTTP/1.1" 404 1972
INFO 2025-03-25 22:49:08,619 basehttp "GET / HTTP/1.1" 302 0
INFO 2025-03-25 22:49:08,694 basehttp "GET /accounts/login/ HTTP/1.1" 200 15891
INFO 2025-03-25 22:49:09,018 basehttp "GET /static/admin/css/bootstrap.rtl.min.css HTTP/1.1" 200 195007
INFO 2025-03-25 22:49:09,214 basehttp "GET /static/admin/css/jalalidatepicker.min.css HTTP/1.1" 200 5396
INFO 2025-03-25 22:49:09,221 basehttp "GET /static/admin/css/animate.min.css HTTP/1.1" 200 71750
INFO 2025-03-25 22:49:09,222 basehttp "GET /static/admin/css/custom.css HTTP/1.1" 200 8641
INFO 2025-03-25 22:49:09,223 basehttp "GET /static/admin/css/all.min.css HTTP/1.1" 200 83981
WARNING 2025-03-25 22:49:09,255 basehttp "GET /static/images/logo.png HTTP/1.1" 404 1972
INFO 2025-03-25 22:49:09,256 basehttp "GET /static/admin/img/RCMS2.svg HTTP/1.1" 200 6859
INFO 2025-03-25 22:49:09,273 basehttp "GET /static/admin/js/jquery-3.6.0.min.js HTTP/1.1" 200 89501
INFO 2025-03-25 22:49:09,278 basehttp "GET /static/admin/js/datepicker-fa.js HTTP/1.1" 200 1382
INFO 2025-03-25 22:49:09,281 basehttp "GET /static/admin/js/django_jalali.min.js HTTP/1.1" 200 139578
INFO 2025-03-25 22:49:09,281 basehttp "GET /static/admin/js/jquery-ui.min.js HTTP/1.1" 200 253668
INFO 2025-03-25 22:49:09,288 basehttp "GET /static/admin/js/jalalidatepicker.min.js HTTP/1.1" 200 13541
INFO 2025-03-25 22:49:09,328 basehttp "GET /static/admin/js/numberFormatter.js HTTP/1.1" 200 3562
INFO 2025-03-25 22:49:09,330 basehttp "GET /static/admin/js/bootstrap.bundle.min.js HTTP/1.1" 200 78743
INFO 2025-03-25 22:49:09,418 basehttp "GET /static/admin/webfonts/fa-solid-900.woff2 HTTP/1.1" 200 150020
INFO 2025-03-25 22:49:09,428 basehttp "GET /static/admin/fonts/Parastoo.ttf HTTP/1.1" 200 91776
INFO 2025-03-25 22:49:09,640 basehttp "GET /static/admin/img/favicon.ico HTTP/1.1" 200 242366
INFO 2025-03-25 22:49:20,026 basehttp "POST /accounts/login/ HTTP/1.1" 302 0
INFO 2025-03-25 22:49:20,368 basehttp "GET / HTTP/1.1" 200 16512
WARNING 2025-03-25 22:49:20,440 basehttp "GET /static/images/logo.png HTTP/1.1" 404 1972
ERROR 2025-03-25 22:49:26,428 log Internal Server Error: /accounts/active-users/
Traceback (most recent call last):
  File "D:\Design & Source Code\Source Coding\Tanbakhsystem\venv\Lib\site-packages\django\core\handlers\exception.py", line 55, in inner
    response = get_response(request)
  File "D:\Design & Source Code\Source Coding\Tanbakhsystem\venv\Lib\site-packages\django\core\handlers\base.py", line 197, in _get_response
    response = wrapped_callback(request, *callback_args, **callback_kwargs)
  File "D:\Design & Source Code\Source Coding\Tanbakhsystem\venv\Lib\site-packages\django\views\generic\base.py", line 104, in view
    return self.dispatch(request, *args, **kwargs)
           ~~~~~~~~~~~~~^^^^^^^^^^^^^^^^^^^^^^^^^^
  File "D:\Design & Source Code\Source Coding\Tanbakhsystem\venv\Lib\site-packages\django\utils\decorators.py", line 48, in _wrapper
    return bound_method(*args, **kwargs)
  File "D:\Design & Source Code\Source Coding\Tanbakhsystem\venv\Lib\site-packages\django\contrib\auth\decorators.py", line 60, in _view_wrapper
    return view_func(request, *args, **kwargs)
  File "D:\Design & Source Code\Source Coding\Tanbakhsystem\accounts\has_role_permission.py", line 14, in _wrapped_view
    return view_func(request, *args, **kwargs)
  File "D:\Design & Source Code\Source Coding\Tanbakhsystem\venv\Lib\site-packages\django\contrib\auth\mixins.py", line 135, in dispatch
    return super().dispatch(request, *args, **kwargs)
           ~~~~~~~~~~~~~~~~^^^^^^^^^^^^^^^^^^^^^^^^^^
  File "D:\Design & Source Code\Source Coding\Tanbakhsystem\venv\Lib\site-packages\django\views\generic\base.py", line 143, in dispatch
    return handler(request, *args, **kwargs)
  File "D:\Design & Source Code\Source Coding\Tanbakhsystem\venv\Lib\site-packages\django\views\generic\list.py", line 174, in get
    context = self.get_context_data()
  File "D:\Design & Source Code\Source Coding\Tanbakhsystem\accounts\views.py", line 937, in get_context_data
    context['max_active_users'] = ActiveUser.MAX_ACTIVE_USERS
                                  ^^^^^^^^^^^^^^^^^^^^^^^^^^^
AttributeError: type object 'ActiveUser' has no attribute 'MAX_ACTIVE_USERS'
ERROR 2025-03-25 22:49:26,451 basehttp "GET /accounts/active-users/ HTTP/1.1" 500 108518
INFO 2025-03-25 22:49:26,745 basehttp "GET /favicon.ico HTTP/1.1" 302 0
INFO 2025-03-25 22:51:46,952 autoreload D:\Design & Source Code\Source Coding\Tanbakhsystem\accounts\views.py changed, reloading.
INFO 2025-03-25 22:51:49,245 autoreload Watching for file changes with StatReloader
INFO 2025-03-25 22:51:59,857 basehttp "GET /accounts/active-users/ HTTP/1.1" 200 11387
INFO 2025-03-25 22:51:59,932 basehttp "GET /static/admin/css/custom.css HTTP/1.1" 304 0
WARNING 2025-03-25 22:51:59,940 basehttp "GET /static/admin/css/accountsStyle.css HTTP/1.1" 404 2008
WARNING 2025-03-25 22:51:59,946 basehttp "GET /static/images/logo.png HTTP/1.1" 404 1972
INFO 2025-03-25 22:54:57,217 autoreload Watching for file changes with StatReloader
INFO 2025-03-25 22:54:58,623 basehttp "GET / HTTP/1.1" 200 16512
WARNING 2025-03-25 22:54:58,786 basehttp "GET /static/images/logo.png HTTP/1.1" 404 1972
INFO 2025-03-25 22:55:02,762 basehttp "GET / HTTP/1.1" 200 16512
WARNING 2025-03-25 22:55:02,815 basehttp "GET /static/images/logo.png HTTP/1.1" 404 1972
INFO 2025-03-25 22:55:07,260 basehttp "POST /accounts/logout/ HTTP/1.1" 302 0
INFO 2025-03-25 22:55:07,430 basehttp "GET /accounts/login/ HTTP/1.1" 200 15891
WARNING 2025-03-25 22:55:07,613 basehttp "GET /static/images/logo.png HTTP/1.1" 404 1972
INFO 2025-03-25 22:55:23,079 basehttp "POST /accounts/login/ HTTP/1.1" 302 0
INFO 2025-03-25 22:55:23,522 basehttp "GET / HTTP/1.1" 200 16512
WARNING 2025-03-25 22:55:23,598 basehttp "GET /static/images/logo.png HTTP/1.1" 404 1972
INFO 2025-03-25 22:56:06,876 autoreload D:\Design & Source Code\Source Coding\Tanbakhsystem\accounts\middleware.py changed, reloading.
INFO 2025-03-25 22:56:08,456 autoreload Watching for file changes with StatReloader
INFO 2025-03-25 22:56:41,544 autoreload D:\Design & Source Code\Source Coding\Tanbakhsystem\accounts\middleware.py changed, reloading.
INFO 2025-03-25 22:56:44,089 autoreload Watching for file changes with StatReloader
INFO 2025-03-25 22:57:12,223 autoreload D:\Design & Source Code\Source Coding\Tanbakhsystem\accounts\urls.py changed, reloading.
INFO 2025-03-25 22:57:13,355 autoreload Watching for file changes with StatReloader
INFO 2025-03-25 22:58:16,661 autoreload Watching for file changes with StatReloader
INFO 2025-03-25 22:58:21,772 basehttp "POST /accounts/logout/ HTTP/1.1" 302 0
INFO 2025-03-25 22:58:21,996 basehttp "GET /accounts/login/ HTTP/1.1" 200 16230
INFO 2025-03-25 22:58:22,218 basehttp "GET /static/admin/css/custom.css HTTP/1.1" 304 0
WARNING 2025-03-25 22:58:22,247 basehttp "GET /static/images/logo.png HTTP/1.1" 404 1972
INFO 2025-03-25 22:58:26,030 basehttp "POST /accounts/login/ HTTP/1.1" 302 0
INFO 2025-03-25 22:58:26,484 basehttp "GET / HTTP/1.1" 200 16512
WARNING 2025-03-25 22:58:26,649 basehttp "GET /static/images/logo.png HTTP/1.1" 404 1972
INFO 2025-03-25 22:58:44,552 basehttp "GET / HTTP/1.1" 200 16512
INFO 2025-03-25 22:58:44,643 basehttp "GET /static/admin/css/custom.css HTTP/1.1" 304 0
WARNING 2025-03-25 22:58:44,678 basehttp "GET /static/images/logo.png HTTP/1.1" 404 1972
INFO 2025-03-25 22:58:51,712 basehttp "POST /accounts/logout/ HTTP/1.1" 302 0
INFO 2025-03-25 22:58:51,877 basehttp "GET /accounts/login/ HTTP/1.1" 200 16230
WARNING 2025-03-25 22:58:52,055 basehttp "GET /static/images/logo.png HTTP/1.1" 404 1972
INFO 2025-03-25 22:58:55,736 basehttp "POST /accounts/login/ HTTP/1.1" 200 16692
WARNING 2025-03-25 22:58:55,861 basehttp "GET /static/images/logo.png HTTP/1.1" 404 1972
INFO 2025-03-25 22:59:10,632 basehttp "POST /accounts/login/ HTTP/1.1" 302 0
INFO 2025-03-25 22:59:11,092 basehttp "GET / HTTP/1.1" 200 16512
WARNING 2025-03-25 22:59:11,188 basehttp "GET /static/images/logo.png HTTP/1.1" 404 1972
INFO 2025-03-25 23:03:22,856 autoreload Watching for file changes with StatReloader
INFO 2025-03-25 23:03:33,038 basehttp "POST /accounts/logout/ HTTP/1.1" 302 0
INFO 2025-03-25 23:03:33,258 basehttp "GET /accounts/login/ HTTP/1.1" 200 16214
WARNING 2025-03-25 23:03:33,480 basehttp "GET /static/images/logo.png HTTP/1.1" 404 1972
INFO 2025-03-25 23:03:46,518 autoreload Watching for file changes with StatReloader
INFO 2025-03-25 23:03:51,217 basehttp "GET /tanbakh/financialDashboardView/ HTTP/1.1" 200 21514
WARNING 2025-03-25 23:03:51,367 basehttp "GET /static/images/logo.png HTTP/1.1" 404 1972
INFO 2025-03-25 23:03:51,711 basehttp "GET /static/admin/js/chart.js HTTP/1.1" 200 206553
INFO 2025-03-25 23:03:58,394 autoreload Watching for file changes with StatReloader
INFO 2025-03-25 23:03:59,414 basehttp "POST /accounts/login/ HTTP/1.1" 302 0
INFO 2025-03-25 23:03:59,777 basehttp "GET / HTTP/1.1" 200 16512
WARNING 2025-03-25 23:03:59,877 basehttp "GET /static/images/logo.png HTTP/1.1" 404 1972
INFO 2025-03-25 23:04:12,118 basehttp "POST /accounts/logout/ HTTP/1.1" 302 0
INFO 2025-03-25 23:04:12,259 basehttp "GET /accounts/login/ HTTP/1.1" 200 16214
WARNING 2025-03-25 23:04:12,358 basehttp "GET /static/images/logo.png HTTP/1.1" 404 1972
INFO 2025-03-25 23:04:26,803 basehttp "POST /accounts/login/ HTTP/1.1" 302 0
INFO 2025-03-25 23:04:27,202 basehttp "GET / HTTP/1.1" 200 16512
WARNING 2025-03-25 23:04:27,288 basehttp "GET /static/images/logo.png HTTP/1.1" 404 1972
INFO 2025-03-25 23:04:44,936 basehttp "GET /accounts/active-users/ HTTP/1.1" 200 10713
INFO 2025-03-25 23:04:45,085 basehttp "GET /static/admin/css/custom.css HTTP/1.1" 304 0
WARNING 2025-03-25 23:04:45,111 basehttp "GET /static/admin/css/accountsStyle.css HTTP/1.1" 404 2008
WARNING 2025-03-25 23:04:45,126 basehttp "GET /static/images/logo.png HTTP/1.1" 404 1972
INFO 2025-03-25 23:06:18,692 autoreload D:\Design & Source Code\Source Coding\Tanbakhsystem\accounts\middleware.py changed, reloading.
INFO 2025-03-25 23:06:19,927 autoreload Watching for file changes with StatReloader
INFO 2025-03-25 23:07:01,435 autoreload Watching for file changes with StatReloader
INFO 2025-03-25 23:07:03,251 basehttp "POST /accounts/logout/ HTTP/1.1" 302 0
INFO 2025-03-25 23:07:03,385 basehttp "GET /accounts/login/ HTTP/1.1" 200 16214
WARNING 2025-03-25 23:07:03,619 basehttp "GET /static/images/logo.png HTTP/1.1" 404 1972
INFO 2025-03-25 23:07:09,358 basehttp "POST /accounts/logout/ HTTP/1.1" 302 0
INFO 2025-03-25 23:07:09,515 basehttp "GET /accounts/login/ HTTP/1.1" 200 16214
WARNING 2025-03-25 23:07:09,687 basehttp "GET /static/images/logo.png HTTP/1.1" 404 1972
INFO 2025-03-25 23:07:17,002 autoreload Watching for file changes with StatReloader
INFO 2025-03-25 23:07:24,958 basehttp "POST /accounts/login/ HTTP/1.1" 302 0
INFO 2025-03-25 23:07:25,491 basehttp "GET / HTTP/1.1" 200 16512
WARNING 2025-03-25 23:07:25,582 basehttp "GET /static/images/logo.png HTTP/1.1" 404 1972
INFO 2025-03-25 23:07:28,959 basehttp "POST /accounts/login/ HTTP/1.1" 302 0
INFO 2025-03-25 23:07:29,407 basehttp "GET / HTTP/1.1" 200 16512
WARNING 2025-03-25 23:07:29,589 basehttp "GET /static/images/logo.png HTTP/1.1" 404 1972
INFO 2025-03-25 23:08:44,975 autoreload Watching for file changes with StatReloader
INFO 2025-03-25 23:09:48,447 autoreload Watching for file changes with StatReloader
INFO 2025-03-25 23:10:15,922 autoreload D:\Design & Source Code\Source Coding\Tanbakhsystem\accounts\middleware.py changed, reloading.
INFO 2025-03-25 23:10:17,120 autoreload Watching for file changes with StatReloader
INFO 2025-03-25 23:10:34,481 basehttp "GET /accounts/active-users/ HTTP/1.1" 200 11387
WARNING 2025-03-25 23:10:34,630 basehttp "GET /static/admin/css/accountsStyle.css HTTP/1.1" 404 2008
WARNING 2025-03-25 23:10:34,639 basehttp "GET /static/images/logo.png HTTP/1.1" 404 1972
INFO 2025-03-25 23:10:37,005 basehttp "POST /accounts/logout/ HTTP/1.1" 302 0
INFO 2025-03-25 23:10:37,224 basehttp "GET /accounts/login/ HTTP/1.1" 200 16214
INFO 2025-03-25 23:10:37,386 basehttp "GET /static/admin/css/custom.css HTTP/1.1" 304 0
WARNING 2025-03-25 23:10:37,417 basehttp "GET /static/images/logo.png HTTP/1.1" 404 1972
INFO 2025-03-25 23:10:38,539 basehttp "GET /accounts/active-users/ HTTP/1.1" 200 10039
WARNING 2025-03-25 23:10:38,665 basehttp "GET /static/images/logo.png HTTP/1.1" 404 1972
WARNING 2025-03-25 23:10:38,666 basehttp "GET /static/admin/css/accountsStyle.css HTTP/1.1" 404 2008
INFO 2025-03-25 23:10:44,816 basehttp "GET / HTTP/1.1" 200 16512
INFO 2025-03-25 23:10:44,880 basehttp "GET /static/admin/css/custom.css HTTP/1.1" 304 0
WARNING 2025-03-25 23:10:44,907 basehttp "GET /static/images/logo.png HTTP/1.1" 404 1972
INFO 2025-03-25 23:10:49,022 basehttp "POST /accounts/login/ HTTP/1.1" 302 0
INFO 2025-03-25 23:10:49,442 basehttp "GET / HTTP/1.1" 200 16512
WARNING 2025-03-25 23:10:49,586 basehttp "GET /static/images/logo.png HTTP/1.1" 404 1972
INFO 2025-03-25 23:12:02,094 basehttp "POST /accounts/logout/ HTTP/1.1" 302 0
INFO 2025-03-25 23:12:02,256 basehttp "GET /accounts/login/ HTTP/1.1" 200 16214
WARNING 2025-03-25 23:12:02,458 basehttp "GET /static/images/logo.png HTTP/1.1" 404 1972
INFO 2025-03-25 23:12:05,858 basehttp "POST /accounts/login/ HTTP/1.1" 302 0
INFO 2025-03-25 23:12:06,321 basehttp "GET / HTTP/1.1" 200 16512
WARNING 2025-03-25 23:12:06,534 basehttp "GET /static/images/logo.png HTTP/1.1" 404 1972
INFO 2025-03-25 23:12:48,394 autoreload Watching for file changes with StatReloader
INFO 2025-03-25 23:13:08,702 autoreload Watching for file changes with StatReloader
ERROR 2025-03-25 23:13:31,307 exception Invalid HTTP_HOST header: '192.168.1.34:8500'. You may need to add '192.168.1.34' to ALLOWED_HOSTS.
Traceback (most recent call last):
  File "D:\Design & Source Code\Source Coding\Tanbakhsystem\venv\Lib\site-packages\django\core\handlers\exception.py", line 55, in inner
    response = get_response(request)
  File "D:\Design & Source Code\Source Coding\Tanbakhsystem\venv\Lib\site-packages\django\utils\deprecation.py", line 128, in __call__
    response = self.process_request(request)
  File "D:\Design & Source Code\Source Coding\Tanbakhsystem\venv\Lib\site-packages\django\middleware\common.py", line 48, in process_request
    host = request.get_host()
  File "D:\Design & Source Code\Source Coding\Tanbakhsystem\venv\Lib\site-packages\django\http\request.py", line 151, in get_host
    raise DisallowedHost(msg)
django.core.exceptions.DisallowedHost: Invalid HTTP_HOST header: '192.168.1.34:8500'. You may need to add '192.168.1.34' to ALLOWED_HOSTS.
WARNING 2025-03-25 23:13:31,386 log Bad Request: /
WARNING 2025-03-25 23:13:31,388 basehttp "GET / HTTP/1.1" 400 76490
ERROR 2025-03-25 23:13:31,756 exception Invalid HTTP_HOST header: '192.168.1.34:8500'. You may need to add '192.168.1.34' to ALLOWED_HOSTS.
Traceback (most recent call last):
  File "D:\Design & Source Code\Source Coding\Tanbakhsystem\venv\Lib\site-packages\django\core\handlers\exception.py", line 55, in inner
    response = get_response(request)
  File "D:\Design & Source Code\Source Coding\Tanbakhsystem\venv\Lib\site-packages\django\utils\deprecation.py", line 128, in __call__
    response = self.process_request(request)
  File "D:\Design & Source Code\Source Coding\Tanbakhsystem\venv\Lib\site-packages\django\middleware\common.py", line 48, in process_request
    host = request.get_host()
  File "D:\Design & Source Code\Source Coding\Tanbakhsystem\venv\Lib\site-packages\django\http\request.py", line 151, in get_host
    raise DisallowedHost(msg)
django.core.exceptions.DisallowedHost: Invalid HTTP_HOST header: '192.168.1.34:8500'. You may need to add '192.168.1.34' to ALLOWED_HOSTS.
WARNING 2025-03-25 23:13:31,805 log Bad Request: /favicon.ico
WARNING 2025-03-25 23:13:31,808 basehttp "GET /favicon.ico HTTP/1.1" 400 76551
ERROR 2025-03-25 23:13:52,677 exception Invalid HTTP_HOST header: '192.168.1.34:8500'. You may need to add '192.168.1.34' to ALLOWED_HOSTS.
Traceback (most recent call last):
  File "D:\Design & Source Code\Source Coding\Tanbakhsystem\venv\Lib\site-packages\django\core\handlers\exception.py", line 55, in inner
    response = get_response(request)
  File "D:\Design & Source Code\Source Coding\Tanbakhsystem\venv\Lib\site-packages\django\utils\deprecation.py", line 128, in __call__
    response = self.process_request(request)
  File "D:\Design & Source Code\Source Coding\Tanbakhsystem\venv\Lib\site-packages\django\middleware\common.py", line 48, in process_request
    host = request.get_host()
  File "D:\Design & Source Code\Source Coding\Tanbakhsystem\venv\Lib\site-packages\django\http\request.py", line 151, in get_host
    raise DisallowedHost(msg)
django.core.exceptions.DisallowedHost: Invalid HTTP_HOST header: '192.168.1.34:8500'. You may need to add '192.168.1.34' to ALLOWED_HOSTS.
WARNING 2025-03-25 23:13:52,714 log Bad Request: /
WARNING 2025-03-25 23:13:52,715 basehttp "GET / HTTP/1.1" 400 76627
ERROR 2025-03-25 23:13:52,869 exception Invalid HTTP_HOST header: '192.168.1.34:8500'. You may need to add '192.168.1.34' to ALLOWED_HOSTS.
Traceback (most recent call last):
  File "D:\Design & Source Code\Source Coding\Tanbakhsystem\venv\Lib\site-packages\django\core\handlers\exception.py", line 55, in inner
    response = get_response(request)
  File "D:\Design & Source Code\Source Coding\Tanbakhsystem\venv\Lib\site-packages\django\utils\deprecation.py", line 128, in __call__
    response = self.process_request(request)
  File "D:\Design & Source Code\Source Coding\Tanbakhsystem\venv\Lib\site-packages\django\middleware\common.py", line 48, in process_request
    host = request.get_host()
  File "D:\Design & Source Code\Source Coding\Tanbakhsystem\venv\Lib\site-packages\django\http\request.py", line 151, in get_host
    raise DisallowedHost(msg)
django.core.exceptions.DisallowedHost: Invalid HTTP_HOST header: '192.168.1.34:8500'. You may need to add '192.168.1.34' to ALLOWED_HOSTS.
WARNING 2025-03-25 23:13:52,903 log Bad Request: /favicon.ico
WARNING 2025-03-25 23:13:52,904 basehttp "GET /favicon.ico HTTP/1.1" 400 76551
ERROR 2025-03-25 23:13:54,524 exception Invalid HTTP_HOST header: '192.168.1.34:8500'. You may need to add '192.168.1.34' to ALLOWED_HOSTS.
Traceback (most recent call last):
  File "D:\Design & Source Code\Source Coding\Tanbakhsystem\venv\Lib\site-packages\django\core\handlers\exception.py", line 55, in inner
    response = get_response(request)
  File "D:\Design & Source Code\Source Coding\Tanbakhsystem\venv\Lib\site-packages\django\utils\deprecation.py", line 128, in __call__
    response = self.process_request(request)
  File "D:\Design & Source Code\Source Coding\Tanbakhsystem\venv\Lib\site-packages\django\middleware\common.py", line 48, in process_request
    host = request.get_host()
  File "D:\Design & Source Code\Source Coding\Tanbakhsystem\venv\Lib\site-packages\django\http\request.py", line 151, in get_host
    raise DisallowedHost(msg)
django.core.exceptions.DisallowedHost: Invalid HTTP_HOST header: '192.168.1.34:8500'. You may need to add '192.168.1.34' to ALLOWED_HOSTS.
WARNING 2025-03-25 23:13:54,571 log Bad Request: /
WARNING 2025-03-25 23:13:54,575 basehttp "GET / HTTP/1.1" 400 76627
ERROR 2025-03-25 23:13:54,783 exception Invalid HTTP_HOST header: '192.168.1.34:8500'. You may need to add '192.168.1.34' to ALLOWED_HOSTS.
Traceback (most recent call last):
  File "D:\Design & Source Code\Source Coding\Tanbakhsystem\venv\Lib\site-packages\django\core\handlers\exception.py", line 55, in inner
    response = get_response(request)
  File "D:\Design & Source Code\Source Coding\Tanbakhsystem\venv\Lib\site-packages\django\utils\deprecation.py", line 128, in __call__
    response = self.process_request(request)
  File "D:\Design & Source Code\Source Coding\Tanbakhsystem\venv\Lib\site-packages\django\middleware\common.py", line 48, in process_request
    host = request.get_host()
  File "D:\Design & Source Code\Source Coding\Tanbakhsystem\venv\Lib\site-packages\django\http\request.py", line 151, in get_host
    raise DisallowedHost(msg)
django.core.exceptions.DisallowedHost: Invalid HTTP_HOST header: '192.168.1.34:8500'. You may need to add '192.168.1.34' to ALLOWED_HOSTS.
WARNING 2025-03-25 23:13:54,831 log Bad Request: /favicon.ico
WARNING 2025-03-25 23:13:54,833 basehttp "GET /favicon.ico HTTP/1.1" 400 76551
INFO 2025-03-25 23:14:08,872 autoreload Watching for file changes with StatReloader
INFO 2025-03-25 23:14:10,258 basehttp "GET / HTTP/1.1" 302 0
INFO 2025-03-25 23:14:10,312 basehttp "GET /accounts/login/ HTTP/1.1" 200 16214
INFO 2025-03-25 23:14:10,650 basehttp "GET /static/admin/css/jalalidatepicker.min.css HTTP/1.1" 200 5396
INFO 2025-03-25 23:14:10,650 basehttp "GET /static/admin/css/custom.css HTTP/1.1" 200 8641
INFO 2025-03-25 23:14:10,652 basehttp "GET /static/admin/img/RCMS2.svg HTTP/1.1" 200 6859
INFO 2025-03-25 23:14:10,664 basehttp "GET /static/admin/css/bootstrap.rtl.min.css HTTP/1.1" 200 195007
INFO 2025-03-25 23:14:10,700 basehttp "GET /static/admin/css/animate.min.css HTTP/1.1" 200 71750
INFO 2025-03-25 23:14:10,723 basehttp "GET /static/admin/css/all.min.css HTTP/1.1" 200 83981
WARNING 2025-03-25 23:14:10,724 basehttp "GET /static/images/logo.png HTTP/1.1" 404 1975
INFO 2025-03-25 23:14:10,783 basehttp "GET /static/admin/js/jquery-3.6.0.min.js HTTP/1.1" 200 89501
INFO 2025-03-25 23:14:10,787 basehttp "GET /static/admin/js/datepicker-fa.js HTTP/1.1" 200 1382
INFO 2025-03-25 23:14:10,799 basehttp "GET /static/admin/js/jalalidatepicker.min.js HTTP/1.1" 200 13541
INFO 2025-03-25 23:14:10,875 basehttp "GET /static/admin/js/bootstrap.bundle.min.js HTTP/1.1" 200 78743
INFO 2025-03-25 23:14:10,955 basehttp "GET /static/admin/webfonts/fa-solid-900.woff2 HTTP/1.1" 200 150020
INFO 2025-03-25 23:14:10,993 basehttp "GET /static/admin/fonts/Parastoo.ttf HTTP/1.1" 200 91776
INFO 2025-03-25 23:14:11,069 basehttp "GET /static/admin/js/numberFormatter.js HTTP/1.1" 200 3562
INFO 2025-03-25 23:14:11,152 basehttp "GET /static/admin/js/jquery-ui.min.js HTTP/1.1" 200 253668
INFO 2025-03-25 23:14:11,169 basehttp "GET /static/admin/js/django_jalali.min.js HTTP/1.1" 200 139578
INFO 2025-03-25 23:14:11,438 basehttp "GET /static/admin/img/favicon.ico HTTP/1.1" 200 242366
INFO 2025-03-25 23:14:29,638 basehttp "GET / HTTP/1.1" 302 0
INFO 2025-03-25 23:14:29,769 basehttp "GET /accounts/login/ HTTP/1.1" 200 16214
INFO 2025-03-25 23:14:29,944 basehttp "GET /static/admin/css/all.min.css HTTP/1.1" 200 83981
INFO 2025-03-25 23:14:29,958 basehttp "GET /static/admin/css/bootstrap.rtl.min.css HTTP/1.1" 200 195007
INFO 2025-03-25 23:14:29,984 basehttp "GET /static/admin/img/RCMS2.svg HTTP/1.1" 200 6859
INFO 2025-03-25 23:14:29,988 basehttp "GET /static/admin/css/jalalidatepicker.min.css HTTP/1.1" 200 5396
INFO 2025-03-25 23:14:29,990 basehttp "GET /static/admin/css/custom.css HTTP/1.1" 200 8641
INFO 2025-03-25 23:14:29,996 basehttp "GET /static/admin/css/animate.min.css HTTP/1.1" 200 71750
WARNING 2025-03-25 23:14:30,037 basehttp "GET /static/images/logo.png HTTP/1.1" 404 1975
INFO 2025-03-25 23:14:30,062 basehttp "GET /static/admin/js/datepicker-fa.js HTTP/1.1" 200 1382
INFO 2025-03-25 23:14:30,076 basehttp "GET /static/admin/js/jquery-3.6.0.min.js HTTP/1.1" 200 89501
INFO 2025-03-25 23:14:30,089 basehttp "GET /static/admin/js/jalalidatepicker.min.js HTTP/1.1" 200 13541
INFO 2025-03-25 23:14:30,092 basehttp "GET /static/admin/js/django_jalali.min.js HTTP/1.1" 200 139578
INFO 2025-03-25 23:14:30,103 basehttp "GET /static/admin/js/jquery-ui.min.js HTTP/1.1" 200 253668
INFO 2025-03-25 23:14:30,109 basehttp "GET /static/admin/js/bootstrap.bundle.min.js HTTP/1.1" 200 78743
INFO 2025-03-25 23:14:30,150 basehttp "GET /static/admin/js/numberFormatter.js HTTP/1.1" 200 3562
INFO 2025-03-25 23:14:30,228 basehttp "GET /static/admin/fonts/Parastoo.ttf HTTP/1.1" 200 91776
INFO 2025-03-25 23:14:30,230 basehttp "GET /static/admin/webfonts/fa-solid-900.woff2 HTTP/1.1" 200 150020
INFO 2025-03-25 23:14:30,521 basehttp "GET /static/admin/img/favicon.ico HTTP/1.1" 200 242366
INFO 2025-03-25 23:14:38,629 basehttp "POST /accounts/login/ HTTP/1.1" 302 0
INFO 2025-03-25 23:14:38,938 basehttp "GET / HTTP/1.1" 200 16512
WARNING 2025-03-25 23:14:39,100 basehttp "GET /static/images/logo.png HTTP/1.1" 404 1975
INFO 2025-03-25 23:14:55,094 basehttp "POST /accounts/login/ HTTP/1.1" 200 16676
WARNING 2025-03-25 23:14:55,216 basehttp "GET /static/images/logo.png HTTP/1.1" 404 1975
INFO 2025-03-25 23:15:10,872 basehttp "POST /accounts/login/ HTTP/1.1" 302 0
INFO 2025-03-25 23:15:11,241 basehttp "GET / HTTP/1.1" 200 16512
WARNING 2025-03-25 23:15:11,319 basehttp "GET /static/images/logo.png HTTP/1.1" 404 1975
INFO 2025-03-25 23:17:28,523 autoreload Watching for file changes with StatReloader
INFO 2025-03-25 23:17:58,344 autoreload D:\Design & Source Code\Source Coding\Tanbakhsystem\accounts\middleware.py changed, reloading.
INFO 2025-03-25 23:17:59,512 autoreload Watching for file changes with StatReloader
INFO 2025-03-25 23:19:10,883 autoreload D:\Design & Source Code\Source Coding\Tanbakhsystem\accounts\middleware.py changed, reloading.
INFO 2025-03-25 23:19:12,524 autoreload Watching for file changes with StatReloader
INFO 2025-03-25 23:19:21,545 basehttp "GET /tanbakh/financialDashboardView/ HTTP/1.1" 302 0
INFO 2025-03-25 23:19:21,699 basehttp "GET /accounts/login/ HTTP/1.1" 200 17831
WARNING 2025-03-25 23:19:21,852 basehttp "GET /static/images/logo.png HTTP/1.1" 404 1975
INFO 2025-03-25 23:19:28,629 basehttp "GET /accounts/terminate-session/241/ HTTP/1.1" 302 0
INFO 2025-03-25 23:19:28,724 basehttp "GET /accounts/login/ HTTP/1.1" 200 16214
WARNING 2025-03-25 23:19:28,819 basehttp "GET /static/images/logo.png HTTP/1.1" 404 1975
INFO 2025-03-25 23:19:32,898 basehttp "POST /accounts/login/ HTTP/1.1" 302 0
INFO 2025-03-25 23:19:33,181 basehttp "GET / HTTP/1.1" 200 16512
WARNING 2025-03-25 23:19:33,340 basehttp "GET /static/images/logo.png HTTP/1.1" 404 1975
INFO 2025-03-25 23:19:40,498 basehttp "GET / HTTP/1.1" 302 0
INFO 2025-03-25 23:19:40,542 basehttp "GET /accounts/login/ HTTP/1.1" 200 17831
WARNING 2025-03-25 23:19:40,601 basehttp "GET /static/images/logo.png HTTP/1.1" 404 1975
INFO 2025-03-25 23:20:40,754 basehttp "POST /accounts/heartbeat/ HTTP/1.1" 302 0
INFO 2025-03-25 23:20:40,861 basehttp "GET /accounts/login/ HTTP/1.1" 200 16214
INFO 2025-03-25 23:20:50,181 basehttp "GET /accounts/terminate-session/242/ HTTP/1.1" 302 0
INFO 2025-03-25 23:20:50,261 basehttp "GET /accounts/login/ HTTP/1.1" 200 16214
WARNING 2025-03-25 23:20:50,341 basehttp "GET /static/images/logo.png HTTP/1.1" 404 1975
INFO 2025-03-25 23:20:53,738 basehttp "POST /accounts/login/ HTTP/1.1" 302 0
INFO 2025-03-25 23:20:53,920 basehttp "GET / HTTP/1.1" 200 16512
WARNING 2025-03-25 23:20:53,997 basehttp "GET /static/images/logo.png HTTP/1.1" 404 1975
INFO 2025-03-25 23:20:56,311 basehttp "GET /tanbakh/financialDashboardView/ HTTP/1.1" 200 21514
WARNING 2025-03-25 23:20:56,363 basehttp "GET /static/images/logo.png HTTP/1.1" 404 1975
INFO 2025-03-25 23:20:56,583 basehttp "GET /static/admin/js/chart.js HTTP/1.1" 200 206553
INFO 2025-03-25 23:21:05,127 basehttp "GET / HTTP/1.1" 200 16512
WARNING 2025-03-25 23:21:05,302 basehttp "GET /static/images/logo.png HTTP/1.1" 404 1975
INFO 2025-03-25 23:21:07,421 basehttp "GET /core/all_links/ HTTP/1.1" 200 13699
WARNING 2025-03-25 23:21:07,474 basehttp "GET /static/images/logo.png HTTP/1.1" 404 1975
INFO 2025-03-25 23:21:09,057 basehttp "GET /tanbakh/ HTTP/1.1" 200 9573
WARNING 2025-03-25 23:21:09,204 basehttp "GET /static/images/logo.png HTTP/1.1" 404 1975
INFO 2025-03-25 23:21:12,656 basehttp "GET / HTTP/1.1" 200 16512
WARNING 2025-03-25 23:21:12,726 basehttp "GET /static/images/logo.png HTTP/1.1" 404 1975
INFO 2025-03-25 23:21:15,459 basehttp "GET /core/all_links/ HTTP/1.1" 200 13699
WARNING 2025-03-25 23:21:15,505 basehttp "GET /static/images/logo.png HTTP/1.1" 404 1975
INFO 2025-03-25 23:21:16,811 basehttp "GET /core/organizations/ HTTP/1.1" 200 12329
WARNING 2025-03-25 23:21:16,914 basehttp "GET /static/images/logo.png HTTP/1.1" 404 1975
